Compiling the Fortran compiler identification source file "CMakeFortranCompilerId.F" failed.
Compiler: /Users/walidarsalane/Documents/computation/spack/opt/spack/darwin-mojave-x86_64/clang-10.0.1-apple/openmpi-3.1.4-qz6zsrmc4l4tdlthlxppwr34bmdxlswa/bin/mpif90 
Build flags: 
Id flags: -v 

The output was:
1
Driving: /opt/local/bin/gfortran -v CMakeFortranCompilerId.F -I/Users/walidarsalane/Documents/computation/spack/opt/spack/darwin-mojave-x86_64/clang-10.0.1-apple/openmpi-3.1.4-qz6zsrmc4l4tdlthlxppwr34bmdxlswa/include -fexceptions -Wl,-flat_namespace -Wl,-commons,use_dylibs -I/Users/walidarsalane/Documents/computation/spack/opt/spack/darwin-mojave-x86_64/clang-10.0.1-apple/openmpi-3.1.4-qz6zsrmc4l4tdlthlxppwr34bmdxlswa/lib -L/Users/walidarsalane/Documents/computation/spack/opt/spack/darwin-mojave-x86_64/clang-10.0.1-apple/hwloc-1.11.11-jbig2eupqmom6awbkt7k24sgc263e2ds/lib -L/Users/walidarsalane/Documents/computation/spack/opt/spack/darwin-mojave-x86_64/clang-10.0.1-apple/openmpi-3.1.4-qz6zsrmc4l4tdlthlxppwr34bmdxlswa/lib -lmpi_usempif08 -lmpi_usempi_ignore_tkr -lmpi_mpifh -lmpi -mmacosx-version-min=10.15.0 -asm_macosx_version_min=10.15 -l gfortran -shared-libgcc
Using built-in specs.
COLLECT_GCC=/opt/local/bin/gfortran
COLLECT_LTO_WRAPPER=/opt/local/libexec/gcc/x86_64-apple-darwin18/8.2.0/lto-wrapper
Target: x86_64-apple-darwin18
Configured with: /opt/local/var/macports/build/_opt_bblocal_var_buildworker_ports_build_ports_lang_gcc8/gcc8/work/gcc-8.2.0/configure --prefix=/opt/local --build=x86_64-apple-darwin18 --enable-languages=c,c++,objc,obj-c++,lto,fortran --libdir=/opt/local/lib/gcc8 --includedir=/opt/local/include/gcc8 --infodir=/opt/local/share/info --mandir=/opt/local/share/man --datarootdir=/opt/local/share/gcc-8 --with-local-prefix=/opt/local --with-system-zlib --disable-nls --program-suffix=-mp-8 --with-gxx-include-dir=/opt/local/include/gcc8/c++/ --with-gmp=/opt/local --with-mpfr=/opt/local --with-mpc=/opt/local --with-isl=/opt/local --enable-stage1-checking --disable-multilib --enable-lto --enable-libstdcxx-time --with-build-config=bootstrap-debug --with-as=/opt/local/bin/as --with-ld=/opt/local/bin/ld --with-ar=/opt/local/bin/ar --with-bugurl=https://trac.macports.org/newticket --disable-tls --with-pkgversion='MacPorts gcc8 8.2.0_3' --with-sysroot=/Applications/Xcode.app/Contents/Developer/Platforms/MacOSX.platform/Developer/SDKs/MacOSX10.14.sdk
Thread model: posix
gcc version 8.2.0 (MacPorts gcc8 8.2.0_3) 
COLLECT_GCC_OPTIONS='-v' '-I' '/Users/walidarsalane/Documents/computation/spack/opt/spack/darwin-mojave-x86_64/clang-10.0.1-apple/openmpi-3.1.4-qz6zsrmc4l4tdlthlxppwr34bmdxlswa/include' '-fexceptions' '-I' '/Users/walidarsalane/Documents/computation/spack/opt/spack/darwin-mojave-x86_64/clang-10.0.1-apple/openmpi-3.1.4-qz6zsrmc4l4tdlthlxppwr34bmdxlswa/lib' '-L/Users/walidarsalane/Documents/computation/spack/opt/spack/darwin-mojave-x86_64/clang-10.0.1-apple/hwloc-1.11.11-jbig2eupqmom6awbkt7k24sgc263e2ds/lib' '-L/Users/walidarsalane/Documents/computation/spack/opt/spack/darwin-mojave-x86_64/clang-10.0.1-apple/openmpi-3.1.4-qz6zsrmc4l4tdlthlxppwr34bmdxlswa/lib' '-mmacosx-version-min=10.15.0' '-asm_macosx_version_min=10.15' '-shared-libgcc' '-mtune=core2'
 /opt/local/libexec/gcc/x86_64-apple-darwin18/8.2.0/f951 CMakeFortranCompilerId.F -ffixed-form -cpp=/var/folders/9m/5zgczb2912xblhb7t_7hm9gm0000gn/T//ccOFQ6so.f90 -quiet -v -I /Users/walidarsalane/Documents/computation/spack/opt/spack/darwin-mojave-x86_64/clang-10.0.1-apple/openmpi-3.1.4-qz6zsrmc4l4tdlthlxppwr34bmdxlswa/include -I /Users/walidarsalane/Documents/computation/spack/opt/spack/darwin-mojave-x86_64/clang-10.0.1-apple/openmpi-3.1.4-qz6zsrmc4l4tdlthlxppwr34bmdxlswa/lib -D__DYNAMIC__ CMakeFortranCompilerId.F -fPIC -quiet -dumpbase CMakeFortranCompilerId.F -mmacosx-version-min=10.15.0 -mtune=core2 -auxbase CMakeFortranCompilerId -version -fexceptions -fintrinsic-modules-path /opt/local/lib/gcc8/gcc/x86_64-apple-darwin18/8.2.0/finclude -o /var/folders/9m/5zgczb2912xblhb7t_7hm9gm0000gn/T//ccWTWtAP.s
GNU Fortran (MacPorts gcc8 8.2.0_3) version 8.2.0 (x86_64-apple-darwin18)
	compiled by GNU C version 8.2.0, GMP version 6.1.2, MPFR version 4.0.1, MPC version 1.1.0, isl version isl-0.20-GMP

GGC heuristics: --param ggc-min-expand=100 --param ggc-min-heapsize=131072
ignoring nonexistent directory "/Applications/Xcode.app/Contents/Developer/Platforms/MacOSX.platform/Developer/SDKs/MacOSX10.14.sdk/opt/local/include"
ignoring nonexistent directory "/opt/local/lib/gcc8/gcc/x86_64-apple-darwin18/8.2.0/../../../../../x86_64-apple-darwin18/include"
ignoring nonexistent directory "/Applications/Xcode.app/Contents/Developer/Platforms/MacOSX.platform/Developer/SDKs/MacOSX10.14.sdk/usr/include"
#include "..." search starts here:
#include <...> search starts here:
 /Users/walidarsalane/Documents/computation/spack/opt/spack/darwin-mojave-x86_64/clang-10.0.1-apple/openmpi-3.1.4-qz6zsrmc4l4tdlthlxppwr34bmdxlswa/include
 /Users/walidarsalane/Documents/computation/spack/opt/spack/darwin-mojave-x86_64/clang-10.0.1-apple/openmpi-3.1.4-qz6zsrmc4l4tdlthlxppwr34bmdxlswa/lib
 /opt/local/lib/gcc8/gcc/x86_64-apple-darwin18/8.2.0/finclude
 /opt/local/lib/gcc8/gcc/x86_64-apple-darwin18/8.2.0/include
 /opt/local/lib/gcc8/gcc/x86_64-apple-darwin18/8.2.0/include-fixed
End of search list.
GNU Fortran2008 (MacPorts gcc8 8.2.0_3) version 8.2.0 (x86_64-apple-darwin18)
	compiled by GNU C version 8.2.0, GMP version 6.1.2, MPFR version 4.0.1, MPC version 1.1.0, isl version isl-0.20-GMP

GGC heuristics: --param ggc-min-expand=100 --param ggc-min-heapsize=131072
COLLECT_GCC_OPTIONS='-v' '-I' '/Users/walidarsalane/Documents/computation/spack/opt/spack/darwin-mojave-x86_64/clang-10.0.1-apple/openmpi-3.1.4-qz6zsrmc4l4tdlthlxppwr34bmdxlswa/include' '-fexceptions' '-I' '/Users/walidarsalane/Documents/computation/spack/opt/spack/darwin-mojave-x86_64/clang-10.0.1-apple/openmpi-3.1.4-qz6zsrmc4l4tdlthlxppwr34bmdxlswa/lib' '-L/Users/walidarsalane/Documents/computation/spack/opt/spack/darwin-mojave-x86_64/clang-10.0.1-apple/hwloc-1.11.11-jbig2eupqmom6awbkt7k24sgc263e2ds/lib' '-L/Users/walidarsalane/Documents/computation/spack/opt/spack/darwin-mojave-x86_64/clang-10.0.1-apple/openmpi-3.1.4-qz6zsrmc4l4tdlthlxppwr34bmdxlswa/lib' '-mmacosx-version-min=10.15.0'  '-shared-libgcc' '-mtune=core2'
 /opt/local/bin/as -v -I /Users/walidarsalane/Documents/computation/spack/opt/spack/darwin-mojave-x86_64/clang-10.0.1-apple/openmpi-3.1.4-qz6zsrmc4l4tdlthlxppwr34bmdxlswa/include -I /Users/walidarsalane/Documents/computation/spack/opt/spack/darwin-mojave-x86_64/clang-10.0.1-apple/openmpi-3.1.4-qz6zsrmc4l4tdlthlxppwr34bmdxlswa/lib -arch x86_64 -force_cpusubtype_ALL -o /var/folders/9m/5zgczb2912xblhb7t_7hm9gm0000gn/T//cc10egjn.o /var/folders/9m/5zgczb2912xblhb7t_7hm9gm0000gn/T//ccWTWtAP.s
Apple clang version 11.0.0 (clang-1100.0.33.8)
Target: x86_64-apple-darwin19.0.0
Thread model: posix
InstalledDir: /Applications/Xcode.app/Contents/Developer/Toolchains/XcodeDefault.xctoolchain/usr/bin
 "/Applications/Xcode.app/Contents/Developer/Toolchains/XcodeDefault.xctoolchain/usr/bin/clang" -cc1as -triple x86_64-apple-macosx10.15.0 -filetype obj -main-file-name ccWTWtAP.s -target-cpu penryn -I /Users/walidarsalane/Documents/computation/spack/opt/spack/darwin-mojave-x86_64/clang-10.0.1-apple/openmpi-3.1.4-qz6zsrmc4l4tdlthlxppwr34bmdxlswa/include -I /Users/walidarsalane/Documents/computation/spack/opt/spack/darwin-mojave-x86_64/clang-10.0.1-apple/openmpi-3.1.4-qz6zsrmc4l4tdlthlxppwr34bmdxlswa/lib -fdebug-compilation-dir /Users/walidarsalane/Documents/computation/MAST_multiphysics_fork/mast-multiphysics/cmake-build-release/CMakeFiles/3.10.3/CompilerIdFortran -dwarf-debug-producer Apple clang version 11.0.0 (clang-1100.0.33.8) -I /Users/walidarsalane/Documents/computation/spack/opt/spack/darwin-mojave-x86_64/clang-10.0.1-apple/openmpi-3.1.4-qz6zsrmc4l4tdlthlxppwr34bmdxlswa/include -I /Users/walidarsalane/Documents/computation/spack/opt/spack/darwin-mojave-x86_64/clang-10.0.1-apple/openmpi-3.1.4-qz6zsrmc4l4tdlthlxppwr34bmdxlswa/lib -dwarf-version=4 -mrelocation-model pic -o /var/folders/9m/5zgczb2912xblhb7t_7hm9gm0000gn/T//cc10egjn.o /var/folders/9m/5zgczb2912xblhb7t_7hm9gm0000gn/T//ccWTWtAP.s
Reading specs from /opt/local/lib/gcc8/gcc/x86_64-apple-darwin18/8.2.0/../../../libgfortran.spec
rename spec lib to liborig
COLLECT_GCC_OPTIONS='-v' '-I' '/Users/walidarsalane/Documents/computation/spack/opt/spack/darwin-mojave-x86_64/clang-10.0.1-apple/openmpi-3.1.4-qz6zsrmc4l4tdlthlxppwr34bmdxlswa/include' '-fexceptions' '-I' '/Users/walidarsalane/Documents/computation/spack/opt/spack/darwin-mojave-x86_64/clang-10.0.1-apple/openmpi-3.1.4-qz6zsrmc4l4tdlthlxppwr34bmdxlswa/lib' '-L/Users/walidarsalane/Documents/computation/spack/opt/spack/darwin-mojave-x86_64/clang-10.0.1-apple/hwloc-1.11.11-jbig2eupqmom6awbkt7k24sgc263e2ds/lib' '-L/Users/walidarsalane/Documents/computation/spack/opt/spack/darwin-mojave-x86_64/clang-10.0.1-apple/openmpi-3.1.4-qz6zsrmc4l4tdlthlxppwr34bmdxlswa/lib' '-mmacosx-version-min=10.15.0'  '-shared-libgcc' '-mtune=core2'
COMPILER_PATH=/opt/local/libexec/gcc/x86_64-apple-darwin18/8.2.0/:/opt/local/libexec/gcc/x86_64-apple-darwin18/8.2.0/:/opt/local/libexec/gcc/x86_64-apple-darwin18/:/opt/local/lib/gcc8/gcc/x86_64-apple-darwin18/8.2.0/:/opt/local/lib/gcc8/gcc/x86_64-apple-darwin18/
LIBRARY_PATH=/opt/local/lib/gcc8/gcc/x86_64-apple-darwin18/8.2.0/:/opt/local/lib/gcc8/gcc/x86_64-apple-darwin18/8.2.0/../../../
COLLECT_GCC_OPTIONS='-v' '-I' '/Users/walidarsalane/Documents/computation/spack/opt/spack/darwin-mojave-x86_64/clang-10.0.1-apple/openmpi-3.1.4-qz6zsrmc4l4tdlthlxppwr34bmdxlswa/include' '-fexceptions' '-I' '/Users/walidarsalane/Documents/computation/spack/opt/spack/darwin-mojave-x86_64/clang-10.0.1-apple/openmpi-3.1.4-qz6zsrmc4l4tdlthlxppwr34bmdxlswa/lib' '-L/Users/walidarsalane/Documents/computation/spack/opt/spack/darwin-mojave-x86_64/clang-10.0.1-apple/hwloc-1.11.11-jbig2eupqmom6awbkt7k24sgc263e2ds/lib' '-L/Users/walidarsalane/Documents/computation/spack/opt/spack/darwin-mojave-x86_64/clang-10.0.1-apple/openmpi-3.1.4-qz6zsrmc4l4tdlthlxppwr34bmdxlswa/lib' '-mmacosx-version-min=10.15.0'  '-shared-libgcc' '-mtune=core2'
 /opt/local/libexec/gcc/x86_64-apple-darwin18/8.2.0/collect2 -syslibroot /Applications/Xcode.app/Contents/Developer/Platforms/MacOSX.platform/Developer/SDKs/MacOSX10.14.sdk/ -dynamic -arch x86_64 -macosx_version_min 10.15.0 -weak_reference_mismatches non-weak -o a.out -L/Users/walidarsalane/Documents/computation/spack/opt/spack/darwin-mojave-x86_64/clang-10.0.1-apple/hwloc-1.11.11-jbig2eupqmom6awbkt7k24sgc263e2ds/lib -L/Users/walidarsalane/Documents/computation/spack/opt/spack/darwin-mojave-x86_64/clang-10.0.1-apple/openmpi-3.1.4-qz6zsrmc4l4tdlthlxppwr34bmdxlswa/lib -L/opt/local/lib/gcc8/gcc/x86_64-apple-darwin18/8.2.0 -L/opt/local/lib/gcc8/gcc/x86_64-apple-darwin18/8.2.0/../../.. /var/folders/9m/5zgczb2912xblhb7t_7hm9gm0000gn/T//cc10egjn.o -flat_namespace -commons use_dylibs -lmpi_usempif08 -lmpi_usempi_ignore_tkr -lmpi_mpifh -lmpi -lgfortran -no_compact_unwind -lSystem -lgcc_ext.10.5 -lgcc -lquadmath -lm -lgcc_ext.10.5 -lgcc -lSystem -v
collect2 version 8.2.0
/opt/local/bin/ld -syslibroot /Applications/Xcode.app/Contents/Developer/Platforms/MacOSX.platform/Developer/SDKs/MacOSX10.14.sdk/ -dynamic -arch x86_64 -macosx_version_min 10.15.0 -weak_reference_mismatches non-weak -o a.out -L/Users/walidarsalane/Documents/computation/spack/opt/spack/darwin-mojave-x86_64/clang-10.0.1-apple/hwloc-1.11.11-jbig2eupqmom6awbkt7k24sgc263e2ds/lib -L/Users/walidarsalane/Documents/computation/spack/opt/spack/darwin-mojave-x86_64/clang-10.0.1-apple/openmpi-3.1.4-qz6zsrmc4l4tdlthlxppwr34bmdxlswa/lib -L/opt/local/lib/gcc8/gcc/x86_64-apple-darwin18/8.2.0 -L/opt/local/lib/gcc8/gcc/x86_64-apple-darwin18/8.2.0/../../.. /var/folders/9m/5zgczb2912xblhb7t_7hm9gm0000gn/T//cc10egjn.o -flat_namespace -commons use_dylibs -lmpi_usempif08 -lmpi_usempi_ignore_tkr -lmpi_mpifh -lmpi -lgfortran -no_compact_unwind -lSystem -lgcc_ext.10.5 -lgcc -lquadmath -lm -lgcc_ext.10.5 -lgcc -lSystem -v
@(#)PROGRAM:ld  PROJECT:ld64-512.4
BUILD 14:16:54 Aug 26 2019
configured to support archs: armv6 armv7 armv7s arm64 arm64e arm64_32 i386 x86_64 x86_64h armv6m armv7k armv7m armv7em
Library search paths:
	/Users/walidarsalane/Documents/computation/spack/opt/spack/darwin-mojave-x86_64/clang-10.0.1-apple/hwloc-1.11.11-jbig2eupqmom6awbkt7k24sgc263e2ds/lib
	/Users/walidarsalane/Documents/computation/spack/opt/spack/darwin-mojave-x86_64/clang-10.0.1-apple/openmpi-3.1.4-qz6zsrmc4l4tdlthlxppwr34bmdxlswa/lib
	/opt/local/lib/gcc8/gcc/x86_64-apple-darwin18/8.2.0
	/opt/local/lib/gcc8
Framework search paths:
ld: library not found for -lSystem
collect2: error: ld returned 1 exit status


Compiling the Fortran compiler identification source file "CMakeFortranCompilerId.F" failed.
Compiler: /Users/walidarsalane/Documents/computation/spack/opt/spack/darwin-mojave-x86_64/clang-10.0.1-apple/openmpi-3.1.4-qz6zsrmc4l4tdlthlxppwr34bmdxlswa/bin/mpif90 
Build flags: 
Id flags:  

The output was:
1
ld: library not found for -lSystem
collect2: error: ld returned 1 exit status


