The system is: Darwin - 19.0.0 - x86_64
Compiling the C compiler identification source file "CMakeCCompilerId.c" succeeded.
Compiler: /Users/walidarsalane/Documents/computation/spack/opt/spack/darwin-mojave-x86_64/clang-10.0.1-apple/openmpi-3.1.4-qz6zsrmc4l4tdlthlxppwr34bmdxlswa/bin/mpicc 
Build flags: 
Id flags:  

The output was:
0


Compilation of the C compiler identification source "CMakeCCompilerId.c" produced "a.out"

The C compiler identification is AppleClang, found in "/Users/walidarsalane/Documents/computation/MAST_multiphysics_fork/mast-multiphysics/cmake-build-release/CMakeFiles/3.10.3/CompilerIdC/a.out"

Compiling the CXX compiler identification source file "CMakeCXXCompilerId.cpp" succeeded.
Compiler: /Users/walidarsalane/Documents/computation/spack/opt/spack/darwin-mojave-x86_64/clang-10.0.1-apple/openmpi-3.1.4-qz6zsrmc4l4tdlthlxppwr34bmdxlswa/bin/mpicxx 
Build flags: 
Id flags:  

The output was:
0


Compilation of the CXX compiler identification source "CMakeCXXCompilerId.cpp" produced "a.out"

The CXX compiler identification is AppleClang, found in "/Users/walidarsalane/Documents/computation/MAST_multiphysics_fork/mast-multiphysics/cmake-build-release/CMakeFiles/3.10.3/CompilerIdCXX/a.out"

Determining if the C compiler works passed with the following output:
Change Dir: /Users/walidarsalane/Documents/computation/MAST_multiphysics_fork/mast-multiphysics/cmake-build-release/CMakeFiles/CMakeTmp

Run Build Command:"/usr/bin/make" "cmTC_0a2be/fast"
/Applications/Xcode.app/Contents/Developer/usr/bin/make -f CMakeFiles/cmTC_0a2be.dir/build.make CMakeFiles/cmTC_0a2be.dir/build
Building C object CMakeFiles/cmTC_0a2be.dir/testCCompiler.c.o
/Users/walidarsalane/Documents/computation/spack/opt/spack/darwin-mojave-x86_64/clang-10.0.1-apple/openmpi-3.1.4-qz6zsrmc4l4tdlthlxppwr34bmdxlswa/bin/mpicc   -isysroot /Applications/Xcode.app/Contents/Developer/Platforms/MacOSX.platform/Developer/SDKs/MacOSX10.15.sdk   -o CMakeFiles/cmTC_0a2be.dir/testCCompiler.c.o   -c /Users/walidarsalane/Documents/computation/MAST_multiphysics_fork/mast-multiphysics/cmake-build-release/CMakeFiles/CMakeTmp/testCCompiler.c
Linking C executable cmTC_0a2be
/Applications/CLion.app/Contents/bin/cmake/bin/cmake -E cmake_link_script CMakeFiles/cmTC_0a2be.dir/link.txt --verbose=1
/Users/walidarsalane/Documents/computation/spack/opt/spack/darwin-mojave-x86_64/clang-10.0.1-apple/openmpi-3.1.4-qz6zsrmc4l4tdlthlxppwr34bmdxlswa/bin/mpicc   -isysroot /Applications/Xcode.app/Contents/Developer/Platforms/MacOSX.platform/Developer/SDKs/MacOSX10.15.sdk -Wl,-search_paths_first -Wl,-headerpad_max_install_names   CMakeFiles/cmTC_0a2be.dir/testCCompiler.c.o  -o cmTC_0a2be 


Detecting C compiler ABI info compiled with the following output:
Change Dir: /Users/walidarsalane/Documents/computation/MAST_multiphysics_fork/mast-multiphysics/cmake-build-release/CMakeFiles/CMakeTmp

Run Build Command:"/usr/bin/make" "cmTC_6f86c/fast"
/Applications/Xcode.app/Contents/Developer/usr/bin/make -f CMakeFiles/cmTC_6f86c.dir/build.make CMakeFiles/cmTC_6f86c.dir/build
Building C object CMakeFiles/cmTC_6f86c.dir/CMakeCCompilerABI.c.o
/Users/walidarsalane/Documents/computation/spack/opt/spack/darwin-mojave-x86_64/clang-10.0.1-apple/openmpi-3.1.4-qz6zsrmc4l4tdlthlxppwr34bmdxlswa/bin/mpicc   -isysroot /Applications/Xcode.app/Contents/Developer/Platforms/MacOSX.platform/Developer/SDKs/MacOSX10.15.sdk   -o CMakeFiles/cmTC_6f86c.dir/CMakeCCompilerABI.c.o   -c /Applications/CLion.app/Contents/bin/cmake/share/cmake-3.10/Modules/CMakeCCompilerABI.c
Linking C executable cmTC_6f86c
/Applications/CLion.app/Contents/bin/cmake/bin/cmake -E cmake_link_script CMakeFiles/cmTC_6f86c.dir/link.txt --verbose=1
/Users/walidarsalane/Documents/computation/spack/opt/spack/darwin-mojave-x86_64/clang-10.0.1-apple/openmpi-3.1.4-qz6zsrmc4l4tdlthlxppwr34bmdxlswa/bin/mpicc   -isysroot /Applications/Xcode.app/Contents/Developer/Platforms/MacOSX.platform/Developer/SDKs/MacOSX10.15.sdk -Wl,-search_paths_first -Wl,-headerpad_max_install_names  -v -Wl,-v CMakeFiles/cmTC_6f86c.dir/CMakeCCompilerABI.c.o  -o cmTC_6f86c 
Apple clang version 11.0.0 (clang-1100.0.33.8)
Target: x86_64-apple-darwin19.0.0
Thread model: posix
InstalledDir: /Applications/Xcode.app/Contents/Developer/Toolchains/XcodeDefault.xctoolchain/usr/bin
 "/Applications/Xcode.app/Contents/Developer/Toolchains/XcodeDefault.xctoolchain/usr/bin/ld" -demangle -lto_library /Applications/Xcode.app/Contents/Developer/Toolchains/XcodeDefault.xctoolchain/usr/lib/libLTO.dylib -dynamic -arch x86_64 -macosx_version_min 10.15.0 -syslibroot /Applications/Xcode.app/Contents/Developer/Platforms/MacOSX.platform/Developer/SDKs/MacOSX10.15.sdk -o cmTC_6f86c -L/Users/walidarsalane/Documents/computation/spack/opt/spack/darwin-mojave-x86_64/clang-10.0.1-apple/hwloc-1.11.11-jbig2eupqmom6awbkt7k24sgc263e2ds/lib -L/Users/walidarsalane/Documents/computation/spack/opt/spack/darwin-mojave-x86_64/clang-10.0.1-apple/openmpi-3.1.4-qz6zsrmc4l4tdlthlxppwr34bmdxlswa/lib -search_paths_first -headerpad_max_install_names -v CMakeFiles/cmTC_6f86c.dir/CMakeCCompilerABI.c.o -lmpi -lSystem /Applications/Xcode.app/Contents/Developer/Toolchains/XcodeDefault.xctoolchain/usr/lib/clang/11.0.0/lib/darwin/libclang_rt.osx.a
@(#)PROGRAM:ld  PROJECT:ld64-512.4
BUILD 14:16:54 Aug 26 2019
configured to support archs: armv6 armv7 armv7s arm64 arm64e arm64_32 i386 x86_64 x86_64h armv6m armv7k armv7m armv7em
Library search paths:
	/Users/walidarsalane/Documents/computation/spack/opt/spack/darwin-mojave-x86_64/clang-10.0.1-apple/hwloc-1.11.11-jbig2eupqmom6awbkt7k24sgc263e2ds/lib
	/Users/walidarsalane/Documents/computation/spack/opt/spack/darwin-mojave-x86_64/clang-10.0.1-apple/openmpi-3.1.4-qz6zsrmc4l4tdlthlxppwr34bmdxlswa/lib
	/Applications/Xcode.app/Contents/Developer/Platforms/MacOSX.platform/Developer/SDKs/MacOSX10.15.sdk/usr/lib
Framework search paths:
	/Applications/Xcode.app/Contents/Developer/Platforms/MacOSX.platform/Developer/SDKs/MacOSX10.15.sdk/System/Library/Frameworks/


Parsed C implicit link information from above output:
  link line regex: [^( *|.*[/\])(ld|CMAKE_LINK_STARTFILE-NOTFOUND|([^/\]+-)?ld|collect2)[^/\]*( |$)]
  ignore line: [Change Dir: /Users/walidarsalane/Documents/computation/MAST_multiphysics_fork/mast-multiphysics/cmake-build-release/CMakeFiles/CMakeTmp]
  ignore line: []
  ignore line: [Run Build Command:"/usr/bin/make" "cmTC_6f86c/fast"]
  ignore line: [/Applications/Xcode.app/Contents/Developer/usr/bin/make -f CMakeFiles/cmTC_6f86c.dir/build.make CMakeFiles/cmTC_6f86c.dir/build]
  ignore line: [Building C object CMakeFiles/cmTC_6f86c.dir/CMakeCCompilerABI.c.o]
  ignore line: [/Users/walidarsalane/Documents/computation/spack/opt/spack/darwin-mojave-x86_64/clang-10.0.1-apple/openmpi-3.1.4-qz6zsrmc4l4tdlthlxppwr34bmdxlswa/bin/mpicc   -isysroot /Applications/Xcode.app/Contents/Developer/Platforms/MacOSX.platform/Developer/SDKs/MacOSX10.15.sdk   -o CMakeFiles/cmTC_6f86c.dir/CMakeCCompilerABI.c.o   -c /Applications/CLion.app/Contents/bin/cmake/share/cmake-3.10/Modules/CMakeCCompilerABI.c]
  ignore line: [Linking C executable cmTC_6f86c]
  ignore line: [/Applications/CLion.app/Contents/bin/cmake/bin/cmake -E cmake_link_script CMakeFiles/cmTC_6f86c.dir/link.txt --verbose=1]
  ignore line: [/Users/walidarsalane/Documents/computation/spack/opt/spack/darwin-mojave-x86_64/clang-10.0.1-apple/openmpi-3.1.4-qz6zsrmc4l4tdlthlxppwr34bmdxlswa/bin/mpicc   -isysroot /Applications/Xcode.app/Contents/Developer/Platforms/MacOSX.platform/Developer/SDKs/MacOSX10.15.sdk -Wl,-search_paths_first -Wl,-headerpad_max_install_names  -v -Wl,-v CMakeFiles/cmTC_6f86c.dir/CMakeCCompilerABI.c.o  -o cmTC_6f86c ]
  ignore line: [Apple clang version 11.0.0 (clang-1100.0.33.8)]
  ignore line: [Target: x86_64-apple-darwin19.0.0]
  ignore line: [Thread model: posix]
  ignore line: [InstalledDir: /Applications/Xcode.app/Contents/Developer/Toolchains/XcodeDefault.xctoolchain/usr/bin]
  link line: [ "/Applications/Xcode.app/Contents/Developer/Toolchains/XcodeDefault.xctoolchain/usr/bin/ld" -demangle -lto_library /Applications/Xcode.app/Contents/Developer/Toolchains/XcodeDefault.xctoolchain/usr/lib/libLTO.dylib -dynamic -arch x86_64 -macosx_version_min 10.15.0 -syslibroot /Applications/Xcode.app/Contents/Developer/Platforms/MacOSX.platform/Developer/SDKs/MacOSX10.15.sdk -o cmTC_6f86c -L/Users/walidarsalane/Documents/computation/spack/opt/spack/darwin-mojave-x86_64/clang-10.0.1-apple/hwloc-1.11.11-jbig2eupqmom6awbkt7k24sgc263e2ds/lib -L/Users/walidarsalane/Documents/computation/spack/opt/spack/darwin-mojave-x86_64/clang-10.0.1-apple/openmpi-3.1.4-qz6zsrmc4l4tdlthlxppwr34bmdxlswa/lib -search_paths_first -headerpad_max_install_names -v CMakeFiles/cmTC_6f86c.dir/CMakeCCompilerABI.c.o -lmpi -lSystem /Applications/Xcode.app/Contents/Developer/Toolchains/XcodeDefault.xctoolchain/usr/lib/clang/11.0.0/lib/darwin/libclang_rt.osx.a]
    arg [/Applications/Xcode.app/Contents/Developer/Toolchains/XcodeDefault.xctoolchain/usr/bin/ld] ==> ignore
    arg [-demangle] ==> ignore
    arg [-lto_library] ==> ignore, skip following value
    arg [/Applications/Xcode.app/Contents/Developer/Toolchains/XcodeDefault.xctoolchain/usr/lib/libLTO.dylib] ==> skip value of -lto_library
    arg [-dynamic] ==> ignore
    arg [-arch] ==> ignore
    arg [x86_64] ==> ignore
    arg [-macosx_version_min] ==> ignore
    arg [10.15.0] ==> ignore
    arg [-syslibroot] ==> ignore
    arg [/Applications/Xcode.app/Contents/Developer/Platforms/MacOSX.platform/Developer/SDKs/MacOSX10.15.sdk] ==> ignore
    arg [-o] ==> ignore
    arg [cmTC_6f86c] ==> ignore
    arg [-L/Users/walidarsalane/Documents/computation/spack/opt/spack/darwin-mojave-x86_64/clang-10.0.1-apple/hwloc-1.11.11-jbig2eupqmom6awbkt7k24sgc263e2ds/lib] ==> dir [/Users/walidarsalane/Documents/computation/spack/opt/spack/darwin-mojave-x86_64/clang-10.0.1-apple/hwloc-1.11.11-jbig2eupqmom6awbkt7k24sgc263e2ds/lib]
    arg [-L/Users/walidarsalane/Documents/computation/spack/opt/spack/darwin-mojave-x86_64/clang-10.0.1-apple/openmpi-3.1.4-qz6zsrmc4l4tdlthlxppwr34bmdxlswa/lib] ==> dir [/Users/walidarsalane/Documents/computation/spack/opt/spack/darwin-mojave-x86_64/clang-10.0.1-apple/openmpi-3.1.4-qz6zsrmc4l4tdlthlxppwr34bmdxlswa/lib]
    arg [-search_paths_first] ==> ignore
    arg [-headerpad_max_install_names] ==> ignore
    arg [-v] ==> ignore
    arg [CMakeFiles/cmTC_6f86c.dir/CMakeCCompilerABI.c.o] ==> ignore
    arg [-lmpi] ==> lib [mpi]
    arg [-lSystem] ==> lib [System]
    arg [/Applications/Xcode.app/Contents/Developer/Toolchains/XcodeDefault.xctoolchain/usr/lib/clang/11.0.0/lib/darwin/libclang_rt.osx.a] ==> lib [/Applications/Xcode.app/Contents/Developer/Toolchains/XcodeDefault.xctoolchain/usr/lib/clang/11.0.0/lib/darwin/libclang_rt.osx.a]
  Library search paths: [;/Users/walidarsalane/Documents/computation/spack/opt/spack/darwin-mojave-x86_64/clang-10.0.1-apple/hwloc-1.11.11-jbig2eupqmom6awbkt7k24sgc263e2ds/lib;/Users/walidarsalane/Documents/computation/spack/opt/spack/darwin-mojave-x86_64/clang-10.0.1-apple/openmpi-3.1.4-qz6zsrmc4l4tdlthlxppwr34bmdxlswa/lib;/Applications/Xcode.app/Contents/Developer/Platforms/MacOSX.platform/Developer/SDKs/MacOSX10.15.sdk/usr/lib]
  Framework search paths: [;/Applications/Xcode.app/Contents/Developer/Platforms/MacOSX.platform/Developer/SDKs/MacOSX10.15.sdk/System/Library/Frameworks/]
  remove lib [System]
  remove lib [/Applications/Xcode.app/Contents/Developer/Toolchains/XcodeDefault.xctoolchain/usr/lib/clang/11.0.0/lib/darwin/libclang_rt.osx.a]
  collapse library dir [/Users/walidarsalane/Documents/computation/spack/opt/spack/darwin-mojave-x86_64/clang-10.0.1-apple/hwloc-1.11.11-jbig2eupqmom6awbkt7k24sgc263e2ds/lib] ==> [/Users/walidarsalane/Documents/computation/spack/opt/spack/darwin-mojave-x86_64/clang-10.0.1-apple/hwloc-1.11.11-jbig2eupqmom6awbkt7k24sgc263e2ds/lib]
  collapse library dir [/Users/walidarsalane/Documents/computation/spack/opt/spack/darwin-mojave-x86_64/clang-10.0.1-apple/openmpi-3.1.4-qz6zsrmc4l4tdlthlxppwr34bmdxlswa/lib] ==> [/Users/walidarsalane/Documents/computation/spack/opt/spack/darwin-mojave-x86_64/clang-10.0.1-apple/openmpi-3.1.4-qz6zsrmc4l4tdlthlxppwr34bmdxlswa/lib]
  collapse library dir [/Users/walidarsalane/Documents/computation/spack/opt/spack/darwin-mojave-x86_64/clang-10.0.1-apple/hwloc-1.11.11-jbig2eupqmom6awbkt7k24sgc263e2ds/lib] ==> [/Users/walidarsalane/Documents/computation/spack/opt/spack/darwin-mojave-x86_64/clang-10.0.1-apple/hwloc-1.11.11-jbig2eupqmom6awbkt7k24sgc263e2ds/lib]
  collapse library dir [/Users/walidarsalane/Documents/computation/spack/opt/spack/darwin-mojave-x86_64/clang-10.0.1-apple/openmpi-3.1.4-qz6zsrmc4l4tdlthlxppwr34bmdxlswa/lib] ==> [/Users/walidarsalane/Documents/computation/spack/opt/spack/darwin-mojave-x86_64/clang-10.0.1-apple/openmpi-3.1.4-qz6zsrmc4l4tdlthlxppwr34bmdxlswa/lib]
  collapse library dir [/Applications/Xcode.app/Contents/Developer/Platforms/MacOSX.platform/Developer/SDKs/MacOSX10.15.sdk/usr/lib] ==> [/Applications/Xcode.app/Contents/Developer/Platforms/MacOSX.platform/Developer/SDKs/MacOSX10.15.sdk/usr/lib]
  collapse framework dir [/Applications/Xcode.app/Contents/Developer/Platforms/MacOSX.platform/Developer/SDKs/MacOSX10.15.sdk/System/Library/Frameworks/] ==> [/Applications/Xcode.app/Contents/Developer/Platforms/MacOSX.platform/Developer/SDKs/MacOSX10.15.sdk/System/Library/Frameworks]
  implicit libs: [mpi]
  implicit dirs: [/Users/walidarsalane/Documents/computation/spack/opt/spack/darwin-mojave-x86_64/clang-10.0.1-apple/hwloc-1.11.11-jbig2eupqmom6awbkt7k24sgc263e2ds/lib;/Users/walidarsalane/Documents/computation/spack/opt/spack/darwin-mojave-x86_64/clang-10.0.1-apple/openmpi-3.1.4-qz6zsrmc4l4tdlthlxppwr34bmdxlswa/lib;/Applications/Xcode.app/Contents/Developer/Platforms/MacOSX.platform/Developer/SDKs/MacOSX10.15.sdk/usr/lib]
  implicit fwks: [/Applications/Xcode.app/Contents/Developer/Platforms/MacOSX.platform/Developer/SDKs/MacOSX10.15.sdk/System/Library/Frameworks]




Detecting C [-std=c11] compiler features compiled with the following output:
Change Dir: /Users/walidarsalane/Documents/computation/MAST_multiphysics_fork/mast-multiphysics/cmake-build-release/CMakeFiles/CMakeTmp

Run Build Command:"/usr/bin/make" "cmTC_45637/fast"
/Applications/Xcode.app/Contents/Developer/usr/bin/make -f CMakeFiles/cmTC_45637.dir/build.make CMakeFiles/cmTC_45637.dir/build
Building C object CMakeFiles/cmTC_45637.dir/feature_tests.c.o
/Users/walidarsalane/Documents/computation/spack/opt/spack/darwin-mojave-x86_64/clang-10.0.1-apple/openmpi-3.1.4-qz6zsrmc4l4tdlthlxppwr34bmdxlswa/bin/mpicc   -isysroot /Applications/Xcode.app/Contents/Developer/Platforms/MacOSX.platform/Developer/SDKs/MacOSX10.15.sdk   -std=c11 -o CMakeFiles/cmTC_45637.dir/feature_tests.c.o   -c /Users/walidarsalane/Documents/computation/MAST_multiphysics_fork/mast-multiphysics/cmake-build-release/CMakeFiles/feature_tests.c
Linking C executable cmTC_45637
/Applications/CLion.app/Contents/bin/cmake/bin/cmake -E cmake_link_script CMakeFiles/cmTC_45637.dir/link.txt --verbose=1
/Users/walidarsalane/Documents/computation/spack/opt/spack/darwin-mojave-x86_64/clang-10.0.1-apple/openmpi-3.1.4-qz6zsrmc4l4tdlthlxppwr34bmdxlswa/bin/mpicc   -isysroot /Applications/Xcode.app/Contents/Developer/Platforms/MacOSX.platform/Developer/SDKs/MacOSX10.15.sdk -Wl,-search_paths_first -Wl,-headerpad_max_install_names   CMakeFiles/cmTC_45637.dir/feature_tests.c.o  -o cmTC_45637 


    Feature record: C_FEATURE:1c_function_prototypes
    Feature record: C_FEATURE:1c_restrict
    Feature record: C_FEATURE:1c_static_assert
    Feature record: C_FEATURE:1c_variadic_macros


Detecting C [-std=c99] compiler features compiled with the following output:
Change Dir: /Users/walidarsalane/Documents/computation/MAST_multiphysics_fork/mast-multiphysics/cmake-build-release/CMakeFiles/CMakeTmp

Run Build Command:"/usr/bin/make" "cmTC_03e7a/fast"
/Applications/Xcode.app/Contents/Developer/usr/bin/make -f CMakeFiles/cmTC_03e7a.dir/build.make CMakeFiles/cmTC_03e7a.dir/build
Building C object CMakeFiles/cmTC_03e7a.dir/feature_tests.c.o
/Users/walidarsalane/Documents/computation/spack/opt/spack/darwin-mojave-x86_64/clang-10.0.1-apple/openmpi-3.1.4-qz6zsrmc4l4tdlthlxppwr34bmdxlswa/bin/mpicc   -isysroot /Applications/Xcode.app/Contents/Developer/Platforms/MacOSX.platform/Developer/SDKs/MacOSX10.15.sdk   -std=c99 -o CMakeFiles/cmTC_03e7a.dir/feature_tests.c.o   -c /Users/walidarsalane/Documents/computation/MAST_multiphysics_fork/mast-multiphysics/cmake-build-release/CMakeFiles/feature_tests.c
Linking C executable cmTC_03e7a
/Applications/CLion.app/Contents/bin/cmake/bin/cmake -E cmake_link_script CMakeFiles/cmTC_03e7a.dir/link.txt --verbose=1
/Users/walidarsalane/Documents/computation/spack/opt/spack/darwin-mojave-x86_64/clang-10.0.1-apple/openmpi-3.1.4-qz6zsrmc4l4tdlthlxppwr34bmdxlswa/bin/mpicc   -isysroot /Applications/Xcode.app/Contents/Developer/Platforms/MacOSX.platform/Developer/SDKs/MacOSX10.15.sdk -Wl,-search_paths_first -Wl,-headerpad_max_install_names   CMakeFiles/cmTC_03e7a.dir/feature_tests.c.o  -o cmTC_03e7a 


    Feature record: C_FEATURE:1c_function_prototypes
    Feature record: C_FEATURE:1c_restrict
    Feature record: C_FEATURE:0c_static_assert
    Feature record: C_FEATURE:1c_variadic_macros


Detecting C [-std=c90] compiler features compiled with the following output:
Change Dir: /Users/walidarsalane/Documents/computation/MAST_multiphysics_fork/mast-multiphysics/cmake-build-release/CMakeFiles/CMakeTmp

Run Build Command:"/usr/bin/make" "cmTC_fd3ad/fast"
/Applications/Xcode.app/Contents/Developer/usr/bin/make -f CMakeFiles/cmTC_fd3ad.dir/build.make CMakeFiles/cmTC_fd3ad.dir/build
Building C object CMakeFiles/cmTC_fd3ad.dir/feature_tests.c.o
/Users/walidarsalane/Documents/computation/spack/opt/spack/darwin-mojave-x86_64/clang-10.0.1-apple/openmpi-3.1.4-qz6zsrmc4l4tdlthlxppwr34bmdxlswa/bin/mpicc   -isysroot /Applications/Xcode.app/Contents/Developer/Platforms/MacOSX.platform/Developer/SDKs/MacOSX10.15.sdk   -std=c90 -o CMakeFiles/cmTC_fd3ad.dir/feature_tests.c.o   -c /Users/walidarsalane/Documents/computation/MAST_multiphysics_fork/mast-multiphysics/cmake-build-release/CMakeFiles/feature_tests.c
Linking C executable cmTC_fd3ad
/Applications/CLion.app/Contents/bin/cmake/bin/cmake -E cmake_link_script CMakeFiles/cmTC_fd3ad.dir/link.txt --verbose=1
/Users/walidarsalane/Documents/computation/spack/opt/spack/darwin-mojave-x86_64/clang-10.0.1-apple/openmpi-3.1.4-qz6zsrmc4l4tdlthlxppwr34bmdxlswa/bin/mpicc   -isysroot /Applications/Xcode.app/Contents/Developer/Platforms/MacOSX.platform/Developer/SDKs/MacOSX10.15.sdk -Wl,-search_paths_first -Wl,-headerpad_max_install_names   CMakeFiles/cmTC_fd3ad.dir/feature_tests.c.o  -o cmTC_fd3ad 


    Feature record: C_FEATURE:1c_function_prototypes
    Feature record: C_FEATURE:0c_restrict
    Feature record: C_FEATURE:0c_static_assert
    Feature record: C_FEATURE:0c_variadic_macros
Determining if the CXX compiler works passed with the following output:
Change Dir: /Users/walidarsalane/Documents/computation/MAST_multiphysics_fork/mast-multiphysics/cmake-build-release/CMakeFiles/CMakeTmp

Run Build Command:"/usr/bin/make" "cmTC_c627f/fast"
/Applications/Xcode.app/Contents/Developer/usr/bin/make -f CMakeFiles/cmTC_c627f.dir/build.make CMakeFiles/cmTC_c627f.dir/build
Building CXX object CMakeFiles/cmTC_c627f.dir/testCXXCompiler.cxx.o
/Users/walidarsalane/Documents/computation/spack/opt/spack/darwin-mojave-x86_64/clang-10.0.1-apple/openmpi-3.1.4-qz6zsrmc4l4tdlthlxppwr34bmdxlswa/bin/mpicxx    -isysroot /Applications/Xcode.app/Contents/Developer/Platforms/MacOSX.platform/Developer/SDKs/MacOSX10.15.sdk   -o CMakeFiles/cmTC_c627f.dir/testCXXCompiler.cxx.o -c /Users/walidarsalane/Documents/computation/MAST_multiphysics_fork/mast-multiphysics/cmake-build-release/CMakeFiles/CMakeTmp/testCXXCompiler.cxx
Linking CXX executable cmTC_c627f
/Applications/CLion.app/Contents/bin/cmake/bin/cmake -E cmake_link_script CMakeFiles/cmTC_c627f.dir/link.txt --verbose=1
/Users/walidarsalane/Documents/computation/spack/opt/spack/darwin-mojave-x86_64/clang-10.0.1-apple/openmpi-3.1.4-qz6zsrmc4l4tdlthlxppwr34bmdxlswa/bin/mpicxx    -isysroot /Applications/Xcode.app/Contents/Developer/Platforms/MacOSX.platform/Developer/SDKs/MacOSX10.15.sdk -Wl,-search_paths_first -Wl,-headerpad_max_install_names   CMakeFiles/cmTC_c627f.dir/testCXXCompiler.cxx.o  -o cmTC_c627f 


Detecting CXX compiler ABI info compiled with the following output:
Change Dir: /Users/walidarsalane/Documents/computation/MAST_multiphysics_fork/mast-multiphysics/cmake-build-release/CMakeFiles/CMakeTmp

Run Build Command:"/usr/bin/make" "cmTC_3cc14/fast"
/Applications/Xcode.app/Contents/Developer/usr/bin/make -f CMakeFiles/cmTC_3cc14.dir/build.make CMakeFiles/cmTC_3cc14.dir/build
Building CXX object CMakeFiles/cmTC_3cc14.dir/CMakeCXXCompilerABI.cpp.o
/Users/walidarsalane/Documents/computation/spack/opt/spack/darwin-mojave-x86_64/clang-10.0.1-apple/openmpi-3.1.4-qz6zsrmc4l4tdlthlxppwr34bmdxlswa/bin/mpicxx    -isysroot /Applications/Xcode.app/Contents/Developer/Platforms/MacOSX.platform/Developer/SDKs/MacOSX10.15.sdk   -o CMakeFiles/cmTC_3cc14.dir/CMakeCXXCompilerABI.cpp.o -c /Applications/CLion.app/Contents/bin/cmake/share/cmake-3.10/Modules/CMakeCXXCompilerABI.cpp
Linking CXX executable cmTC_3cc14
/Applications/CLion.app/Contents/bin/cmake/bin/cmake -E cmake_link_script CMakeFiles/cmTC_3cc14.dir/link.txt --verbose=1
/Users/walidarsalane/Documents/computation/spack/opt/spack/darwin-mojave-x86_64/clang-10.0.1-apple/openmpi-3.1.4-qz6zsrmc4l4tdlthlxppwr34bmdxlswa/bin/mpicxx    -isysroot /Applications/Xcode.app/Contents/Developer/Platforms/MacOSX.platform/Developer/SDKs/MacOSX10.15.sdk -Wl,-search_paths_first -Wl,-headerpad_max_install_names  -v -Wl,-v CMakeFiles/cmTC_3cc14.dir/CMakeCXXCompilerABI.cpp.o  -o cmTC_3cc14 
Apple clang version 11.0.0 (clang-1100.0.33.8)
Target: x86_64-apple-darwin19.0.0
Thread model: posix
InstalledDir: /Applications/Xcode.app/Contents/Developer/Toolchains/XcodeDefault.xctoolchain/usr/bin
 "/Applications/Xcode.app/Contents/Developer/Toolchains/XcodeDefault.xctoolchain/usr/bin/ld" -demangle -lto_library /Applications/Xcode.app/Contents/Developer/Toolchains/XcodeDefault.xctoolchain/usr/lib/libLTO.dylib -dynamic -arch x86_64 -macosx_version_min 10.15.0 -syslibroot /Applications/Xcode.app/Contents/Developer/Platforms/MacOSX.platform/Developer/SDKs/MacOSX10.15.sdk -o cmTC_3cc14 -L/Users/walidarsalane/Documents/computation/spack/opt/spack/darwin-mojave-x86_64/clang-10.0.1-apple/hwloc-1.11.11-jbig2eupqmom6awbkt7k24sgc263e2ds/lib -L/Users/walidarsalane/Documents/computation/spack/opt/spack/darwin-mojave-x86_64/clang-10.0.1-apple/openmpi-3.1.4-qz6zsrmc4l4tdlthlxppwr34bmdxlswa/lib -search_paths_first -headerpad_max_install_names -v CMakeFiles/cmTC_3cc14.dir/CMakeCXXCompilerABI.cpp.o -lmpi_cxx -lmpi -lc++ -lSystem /Applications/Xcode.app/Contents/Developer/Toolchains/XcodeDefault.xctoolchain/usr/lib/clang/11.0.0/lib/darwin/libclang_rt.osx.a
@(#)PROGRAM:ld  PROJECT:ld64-512.4
BUILD 14:16:54 Aug 26 2019
configured to support archs: armv6 armv7 armv7s arm64 arm64e arm64_32 i386 x86_64 x86_64h armv6m armv7k armv7m armv7em
Library search paths:
	/Users/walidarsalane/Documents/computation/spack/opt/spack/darwin-mojave-x86_64/clang-10.0.1-apple/hwloc-1.11.11-jbig2eupqmom6awbkt7k24sgc263e2ds/lib
	/Users/walidarsalane/Documents/computation/spack/opt/spack/darwin-mojave-x86_64/clang-10.0.1-apple/openmpi-3.1.4-qz6zsrmc4l4tdlthlxppwr34bmdxlswa/lib
	/Applications/Xcode.app/Contents/Developer/Platforms/MacOSX.platform/Developer/SDKs/MacOSX10.15.sdk/usr/lib
Framework search paths:
	/Applications/Xcode.app/Contents/Developer/Platforms/MacOSX.platform/Developer/SDKs/MacOSX10.15.sdk/System/Library/Frameworks/


Parsed CXX implicit link information from above output:
  link line regex: [^( *|.*[/\])(ld|CMAKE_LINK_STARTFILE-NOTFOUND|([^/\]+-)?ld|collect2)[^/\]*( |$)]
  ignore line: [Change Dir: /Users/walidarsalane/Documents/computation/MAST_multiphysics_fork/mast-multiphysics/cmake-build-release/CMakeFiles/CMakeTmp]
  ignore line: []
  ignore line: [Run Build Command:"/usr/bin/make" "cmTC_3cc14/fast"]
  ignore line: [/Applications/Xcode.app/Contents/Developer/usr/bin/make -f CMakeFiles/cmTC_3cc14.dir/build.make CMakeFiles/cmTC_3cc14.dir/build]
  ignore line: [Building CXX object CMakeFiles/cmTC_3cc14.dir/CMakeCXXCompilerABI.cpp.o]
  ignore line: [/Users/walidarsalane/Documents/computation/spack/opt/spack/darwin-mojave-x86_64/clang-10.0.1-apple/openmpi-3.1.4-qz6zsrmc4l4tdlthlxppwr34bmdxlswa/bin/mpicxx    -isysroot /Applications/Xcode.app/Contents/Developer/Platforms/MacOSX.platform/Developer/SDKs/MacOSX10.15.sdk   -o CMakeFiles/cmTC_3cc14.dir/CMakeCXXCompilerABI.cpp.o -c /Applications/CLion.app/Contents/bin/cmake/share/cmake-3.10/Modules/CMakeCXXCompilerABI.cpp]
  ignore line: [Linking CXX executable cmTC_3cc14]
  ignore line: [/Applications/CLion.app/Contents/bin/cmake/bin/cmake -E cmake_link_script CMakeFiles/cmTC_3cc14.dir/link.txt --verbose=1]
  ignore line: [/Users/walidarsalane/Documents/computation/spack/opt/spack/darwin-mojave-x86_64/clang-10.0.1-apple/openmpi-3.1.4-qz6zsrmc4l4tdlthlxppwr34bmdxlswa/bin/mpicxx    -isysroot /Applications/Xcode.app/Contents/Developer/Platforms/MacOSX.platform/Developer/SDKs/MacOSX10.15.sdk -Wl,-search_paths_first -Wl,-headerpad_max_install_names  -v -Wl,-v CMakeFiles/cmTC_3cc14.dir/CMakeCXXCompilerABI.cpp.o  -o cmTC_3cc14 ]
  ignore line: [Apple clang version 11.0.0 (clang-1100.0.33.8)]
  ignore line: [Target: x86_64-apple-darwin19.0.0]
  ignore line: [Thread model: posix]
  ignore line: [InstalledDir: /Applications/Xcode.app/Contents/Developer/Toolchains/XcodeDefault.xctoolchain/usr/bin]
  link line: [ "/Applications/Xcode.app/Contents/Developer/Toolchains/XcodeDefault.xctoolchain/usr/bin/ld" -demangle -lto_library /Applications/Xcode.app/Contents/Developer/Toolchains/XcodeDefault.xctoolchain/usr/lib/libLTO.dylib -dynamic -arch x86_64 -macosx_version_min 10.15.0 -syslibroot /Applications/Xcode.app/Contents/Developer/Platforms/MacOSX.platform/Developer/SDKs/MacOSX10.15.sdk -o cmTC_3cc14 -L/Users/walidarsalane/Documents/computation/spack/opt/spack/darwin-mojave-x86_64/clang-10.0.1-apple/hwloc-1.11.11-jbig2eupqmom6awbkt7k24sgc263e2ds/lib -L/Users/walidarsalane/Documents/computation/spack/opt/spack/darwin-mojave-x86_64/clang-10.0.1-apple/openmpi-3.1.4-qz6zsrmc4l4tdlthlxppwr34bmdxlswa/lib -search_paths_first -headerpad_max_install_names -v CMakeFiles/cmTC_3cc14.dir/CMakeCXXCompilerABI.cpp.o -lmpi_cxx -lmpi -lc++ -lSystem /Applications/Xcode.app/Contents/Developer/Toolchains/XcodeDefault.xctoolchain/usr/lib/clang/11.0.0/lib/darwin/libclang_rt.osx.a]
    arg [/Applications/Xcode.app/Contents/Developer/Toolchains/XcodeDefault.xctoolchain/usr/bin/ld] ==> ignore
    arg [-demangle] ==> ignore
    arg [-lto_library] ==> ignore, skip following value
    arg [/Applications/Xcode.app/Contents/Developer/Toolchains/XcodeDefault.xctoolchain/usr/lib/libLTO.dylib] ==> skip value of -lto_library
    arg [-dynamic] ==> ignore
    arg [-arch] ==> ignore
    arg [x86_64] ==> ignore
    arg [-macosx_version_min] ==> ignore
    arg [10.15.0] ==> ignore
    arg [-syslibroot] ==> ignore
    arg [/Applications/Xcode.app/Contents/Developer/Platforms/MacOSX.platform/Developer/SDKs/MacOSX10.15.sdk] ==> ignore
    arg [-o] ==> ignore
    arg [cmTC_3cc14] ==> ignore
    arg [-L/Users/walidarsalane/Documents/computation/spack/opt/spack/darwin-mojave-x86_64/clang-10.0.1-apple/hwloc-1.11.11-jbig2eupqmom6awbkt7k24sgc263e2ds/lib] ==> dir [/Users/walidarsalane/Documents/computation/spack/opt/spack/darwin-mojave-x86_64/clang-10.0.1-apple/hwloc-1.11.11-jbig2eupqmom6awbkt7k24sgc263e2ds/lib]
    arg [-L/Users/walidarsalane/Documents/computation/spack/opt/spack/darwin-mojave-x86_64/clang-10.0.1-apple/openmpi-3.1.4-qz6zsrmc4l4tdlthlxppwr34bmdxlswa/lib] ==> dir [/Users/walidarsalane/Documents/computation/spack/opt/spack/darwin-mojave-x86_64/clang-10.0.1-apple/openmpi-3.1.4-qz6zsrmc4l4tdlthlxppwr34bmdxlswa/lib]
    arg [-search_paths_first] ==> ignore
    arg [-headerpad_max_install_names] ==> ignore
    arg [-v] ==> ignore
    arg [CMakeFiles/cmTC_3cc14.dir/CMakeCXXCompilerABI.cpp.o] ==> ignore
    arg [-lmpi_cxx] ==> lib [mpi_cxx]
    arg [-lmpi] ==> lib [mpi]
    arg [-lc++] ==> lib [c++]
    arg [-lSystem] ==> lib [System]
    arg [/Applications/Xcode.app/Contents/Developer/Toolchains/XcodeDefault.xctoolchain/usr/lib/clang/11.0.0/lib/darwin/libclang_rt.osx.a] ==> lib [/Applications/Xcode.app/Contents/Developer/Toolchains/XcodeDefault.xctoolchain/usr/lib/clang/11.0.0/lib/darwin/libclang_rt.osx.a]
  Library search paths: [;/Users/walidarsalane/Documents/computation/spack/opt/spack/darwin-mojave-x86_64/clang-10.0.1-apple/hwloc-1.11.11-jbig2eupqmom6awbkt7k24sgc263e2ds/lib;/Users/walidarsalane/Documents/computation/spack/opt/spack/darwin-mojave-x86_64/clang-10.0.1-apple/openmpi-3.1.4-qz6zsrmc4l4tdlthlxppwr34bmdxlswa/lib;/Applications/Xcode.app/Contents/Developer/Platforms/MacOSX.platform/Developer/SDKs/MacOSX10.15.sdk/usr/lib]
  Framework search paths: [;/Applications/Xcode.app/Contents/Developer/Platforms/MacOSX.platform/Developer/SDKs/MacOSX10.15.sdk/System/Library/Frameworks/]
  remove lib [System]
  remove lib [/Applications/Xcode.app/Contents/Developer/Toolchains/XcodeDefault.xctoolchain/usr/lib/clang/11.0.0/lib/darwin/libclang_rt.osx.a]
  collapse library dir [/Users/walidarsalane/Documents/computation/spack/opt/spack/darwin-mojave-x86_64/clang-10.0.1-apple/hwloc-1.11.11-jbig2eupqmom6awbkt7k24sgc263e2ds/lib] ==> [/Users/walidarsalane/Documents/computation/spack/opt/spack/darwin-mojave-x86_64/clang-10.0.1-apple/hwloc-1.11.11-jbig2eupqmom6awbkt7k24sgc263e2ds/lib]
  collapse library dir [/Users/walidarsalane/Documents/computation/spack/opt/spack/darwin-mojave-x86_64/clang-10.0.1-apple/openmpi-3.1.4-qz6zsrmc4l4tdlthlxppwr34bmdxlswa/lib] ==> [/Users/walidarsalane/Documents/computation/spack/opt/spack/darwin-mojave-x86_64/clang-10.0.1-apple/openmpi-3.1.4-qz6zsrmc4l4tdlthlxppwr34bmdxlswa/lib]
  collapse library dir [/Users/walidarsalane/Documents/computation/spack/opt/spack/darwin-mojave-x86_64/clang-10.0.1-apple/hwloc-1.11.11-jbig2eupqmom6awbkt7k24sgc263e2ds/lib] ==> [/Users/walidarsalane/Documents/computation/spack/opt/spack/darwin-mojave-x86_64/clang-10.0.1-apple/hwloc-1.11.11-jbig2eupqmom6awbkt7k24sgc263e2ds/lib]
  collapse library dir [/Users/walidarsalane/Documents/computation/spack/opt/spack/darwin-mojave-x86_64/clang-10.0.1-apple/openmpi-3.1.4-qz6zsrmc4l4tdlthlxppwr34bmdxlswa/lib] ==> [/Users/walidarsalane/Documents/computation/spack/opt/spack/darwin-mojave-x86_64/clang-10.0.1-apple/openmpi-3.1.4-qz6zsrmc4l4tdlthlxppwr34bmdxlswa/lib]
  collapse library dir [/Applications/Xcode.app/Contents/Developer/Platforms/MacOSX.platform/Developer/SDKs/MacOSX10.15.sdk/usr/lib] ==> [/Applications/Xcode.app/Contents/Developer/Platforms/MacOSX.platform/Developer/SDKs/MacOSX10.15.sdk/usr/lib]
  collapse framework dir [/Applications/Xcode.app/Contents/Developer/Platforms/MacOSX.platform/Developer/SDKs/MacOSX10.15.sdk/System/Library/Frameworks/] ==> [/Applications/Xcode.app/Contents/Developer/Platforms/MacOSX.platform/Developer/SDKs/MacOSX10.15.sdk/System/Library/Frameworks]
  implicit libs: [mpi_cxx;mpi;c++]
  implicit dirs: [/Users/walidarsalane/Documents/computation/spack/opt/spack/darwin-mojave-x86_64/clang-10.0.1-apple/hwloc-1.11.11-jbig2eupqmom6awbkt7k24sgc263e2ds/lib;/Users/walidarsalane/Documents/computation/spack/opt/spack/darwin-mojave-x86_64/clang-10.0.1-apple/openmpi-3.1.4-qz6zsrmc4l4tdlthlxppwr34bmdxlswa/lib;/Applications/Xcode.app/Contents/Developer/Platforms/MacOSX.platform/Developer/SDKs/MacOSX10.15.sdk/usr/lib]
  implicit fwks: [/Applications/Xcode.app/Contents/Developer/Platforms/MacOSX.platform/Developer/SDKs/MacOSX10.15.sdk/System/Library/Frameworks]




Detecting CXX [-std=c++1z] compiler features compiled with the following output:
Change Dir: /Users/walidarsalane/Documents/computation/MAST_multiphysics_fork/mast-multiphysics/cmake-build-release/CMakeFiles/CMakeTmp

Run Build Command:"/usr/bin/make" "cmTC_4f14e/fast"
/Applications/Xcode.app/Contents/Developer/usr/bin/make -f CMakeFiles/cmTC_4f14e.dir/build.make CMakeFiles/cmTC_4f14e.dir/build
Building CXX object CMakeFiles/cmTC_4f14e.dir/feature_tests.cxx.o
/Users/walidarsalane/Documents/computation/spack/opt/spack/darwin-mojave-x86_64/clang-10.0.1-apple/openmpi-3.1.4-qz6zsrmc4l4tdlthlxppwr34bmdxlswa/bin/mpicxx    -isysroot /Applications/Xcode.app/Contents/Developer/Platforms/MacOSX.platform/Developer/SDKs/MacOSX10.15.sdk   -std=c++1z -o CMakeFiles/cmTC_4f14e.dir/feature_tests.cxx.o -c /Users/walidarsalane/Documents/computation/MAST_multiphysics_fork/mast-multiphysics/cmake-build-release/CMakeFiles/feature_tests.cxx
Linking CXX executable cmTC_4f14e
/Applications/CLion.app/Contents/bin/cmake/bin/cmake -E cmake_link_script CMakeFiles/cmTC_4f14e.dir/link.txt --verbose=1
/Users/walidarsalane/Documents/computation/spack/opt/spack/darwin-mojave-x86_64/clang-10.0.1-apple/openmpi-3.1.4-qz6zsrmc4l4tdlthlxppwr34bmdxlswa/bin/mpicxx    -isysroot /Applications/Xcode.app/Contents/Developer/Platforms/MacOSX.platform/Developer/SDKs/MacOSX10.15.sdk -Wl,-search_paths_first -Wl,-headerpad_max_install_names   CMakeFiles/cmTC_4f14e.dir/feature_tests.cxx.o  -o cmTC_4f14e 


    Feature record: CXX_FEATURE:1cxx_aggregate_default_initializers
    Feature record: CXX_FEATURE:1cxx_alias_templates
    Feature record: CXX_FEATURE:1cxx_alignas
    Feature record: CXX_FEATURE:1cxx_alignof
    Feature record: CXX_FEATURE:1cxx_attributes
    Feature record: CXX_FEATURE:1cxx_attribute_deprecated
    Feature record: CXX_FEATURE:1cxx_auto_type
    Feature record: CXX_FEATURE:1cxx_binary_literals
    Feature record: CXX_FEATURE:1cxx_constexpr
    Feature record: CXX_FEATURE:1cxx_contextual_conversions
    Feature record: CXX_FEATURE:1cxx_decltype
    Feature record: CXX_FEATURE:1cxx_decltype_auto
    Feature record: CXX_FEATURE:1cxx_decltype_incomplete_return_types
    Feature record: CXX_FEATURE:1cxx_default_function_template_args
    Feature record: CXX_FEATURE:1cxx_defaulted_functions
    Feature record: CXX_FEATURE:1cxx_defaulted_move_initializers
    Feature record: CXX_FEATURE:1cxx_delegating_constructors
    Feature record: CXX_FEATURE:1cxx_deleted_functions
    Feature record: CXX_FEATURE:1cxx_digit_separators
    Feature record: CXX_FEATURE:1cxx_enum_forward_declarations
    Feature record: CXX_FEATURE:1cxx_explicit_conversions
    Feature record: CXX_FEATURE:1cxx_extended_friend_declarations
    Feature record: CXX_FEATURE:1cxx_extern_templates
    Feature record: CXX_FEATURE:1cxx_final
    Feature record: CXX_FEATURE:1cxx_func_identifier
    Feature record: CXX_FEATURE:1cxx_generalized_initializers
    Feature record: CXX_FEATURE:1cxx_generic_lambdas
    Feature record: CXX_FEATURE:1cxx_inheriting_constructors
    Feature record: CXX_FEATURE:1cxx_inline_namespaces
    Feature record: CXX_FEATURE:1cxx_lambdas
    Feature record: CXX_FEATURE:1cxx_lambda_init_captures
    Feature record: CXX_FEATURE:1cxx_local_type_template_args
    Feature record: CXX_FEATURE:1cxx_long_long_type
    Feature record: CXX_FEATURE:1cxx_noexcept
    Feature record: CXX_FEATURE:1cxx_nonstatic_member_init
    Feature record: CXX_FEATURE:1cxx_nullptr
    Feature record: CXX_FEATURE:1cxx_override
    Feature record: CXX_FEATURE:1cxx_range_for
    Feature record: CXX_FEATURE:1cxx_raw_string_literals
    Feature record: CXX_FEATURE:1cxx_reference_qualified_functions
    Feature record: CXX_FEATURE:1cxx_relaxed_constexpr
    Feature record: CXX_FEATURE:1cxx_return_type_deduction
    Feature record: CXX_FEATURE:1cxx_right_angle_brackets
    Feature record: CXX_FEATURE:1cxx_rvalue_references
    Feature record: CXX_FEATURE:1cxx_sizeof_member
    Feature record: CXX_FEATURE:1cxx_static_assert
    Feature record: CXX_FEATURE:1cxx_strong_enums
    Feature record: CXX_FEATURE:1cxx_template_template_parameters
    Feature record: CXX_FEATURE:1cxx_thread_local
    Feature record: CXX_FEATURE:1cxx_trailing_return_types
    Feature record: CXX_FEATURE:1cxx_unicode_literals
    Feature record: CXX_FEATURE:1cxx_uniform_initialization
    Feature record: CXX_FEATURE:1cxx_unrestricted_unions
    Feature record: CXX_FEATURE:1cxx_user_literals
    Feature record: CXX_FEATURE:1cxx_variable_templates
    Feature record: CXX_FEATURE:1cxx_variadic_macros
    Feature record: CXX_FEATURE:1cxx_variadic_templates


Detecting CXX [-std=c++14] compiler features compiled with the following output:
Change Dir: /Users/walidarsalane/Documents/computation/MAST_multiphysics_fork/mast-multiphysics/cmake-build-release/CMakeFiles/CMakeTmp

Run Build Command:"/usr/bin/make" "cmTC_76fd6/fast"
/Applications/Xcode.app/Contents/Developer/usr/bin/make -f CMakeFiles/cmTC_76fd6.dir/build.make CMakeFiles/cmTC_76fd6.dir/build
Building CXX object CMakeFiles/cmTC_76fd6.dir/feature_tests.cxx.o
/Users/walidarsalane/Documents/computation/spack/opt/spack/darwin-mojave-x86_64/clang-10.0.1-apple/openmpi-3.1.4-qz6zsrmc4l4tdlthlxppwr34bmdxlswa/bin/mpicxx    -isysroot /Applications/Xcode.app/Contents/Developer/Platforms/MacOSX.platform/Developer/SDKs/MacOSX10.15.sdk   -std=c++14 -o CMakeFiles/cmTC_76fd6.dir/feature_tests.cxx.o -c /Users/walidarsalane/Documents/computation/MAST_multiphysics_fork/mast-multiphysics/cmake-build-release/CMakeFiles/feature_tests.cxx
Linking CXX executable cmTC_76fd6
/Applications/CLion.app/Contents/bin/cmake/bin/cmake -E cmake_link_script CMakeFiles/cmTC_76fd6.dir/link.txt --verbose=1
/Users/walidarsalane/Documents/computation/spack/opt/spack/darwin-mojave-x86_64/clang-10.0.1-apple/openmpi-3.1.4-qz6zsrmc4l4tdlthlxppwr34bmdxlswa/bin/mpicxx    -isysroot /Applications/Xcode.app/Contents/Developer/Platforms/MacOSX.platform/Developer/SDKs/MacOSX10.15.sdk -Wl,-search_paths_first -Wl,-headerpad_max_install_names   CMakeFiles/cmTC_76fd6.dir/feature_tests.cxx.o  -o cmTC_76fd6 


    Feature record: CXX_FEATURE:1cxx_aggregate_default_initializers
    Feature record: CXX_FEATURE:1cxx_alias_templates
    Feature record: CXX_FEATURE:1cxx_alignas
    Feature record: CXX_FEATURE:1cxx_alignof
    Feature record: CXX_FEATURE:1cxx_attributes
    Feature record: CXX_FEATURE:1cxx_attribute_deprecated
    Feature record: CXX_FEATURE:1cxx_auto_type
    Feature record: CXX_FEATURE:1cxx_binary_literals
    Feature record: CXX_FEATURE:1cxx_constexpr
    Feature record: CXX_FEATURE:1cxx_contextual_conversions
    Feature record: CXX_FEATURE:1cxx_decltype
    Feature record: CXX_FEATURE:1cxx_decltype_auto
    Feature record: CXX_FEATURE:1cxx_decltype_incomplete_return_types
    Feature record: CXX_FEATURE:1cxx_default_function_template_args
    Feature record: CXX_FEATURE:1cxx_defaulted_functions
    Feature record: CXX_FEATURE:1cxx_defaulted_move_initializers
    Feature record: CXX_FEATURE:1cxx_delegating_constructors
    Feature record: CXX_FEATURE:1cxx_deleted_functions
    Feature record: CXX_FEATURE:1cxx_digit_separators
    Feature record: CXX_FEATURE:1cxx_enum_forward_declarations
    Feature record: CXX_FEATURE:1cxx_explicit_conversions
    Feature record: CXX_FEATURE:1cxx_extended_friend_declarations
    Feature record: CXX_FEATURE:1cxx_extern_templates
    Feature record: CXX_FEATURE:1cxx_final
    Feature record: CXX_FEATURE:1cxx_func_identifier
    Feature record: CXX_FEATURE:1cxx_generalized_initializers
    Feature record: CXX_FEATURE:1cxx_generic_lambdas
    Feature record: CXX_FEATURE:1cxx_inheriting_constructors
    Feature record: CXX_FEATURE:1cxx_inline_namespaces
    Feature record: CXX_FEATURE:1cxx_lambdas
    Feature record: CXX_FEATURE:1cxx_lambda_init_captures
    Feature record: CXX_FEATURE:1cxx_local_type_template_args
    Feature record: CXX_FEATURE:1cxx_long_long_type
    Feature record: CXX_FEATURE:1cxx_noexcept
    Feature record: CXX_FEATURE:1cxx_nonstatic_member_init
    Feature record: CXX_FEATURE:1cxx_nullptr
    Feature record: CXX_FEATURE:1cxx_override
    Feature record: CXX_FEATURE:1cxx_range_for
    Feature record: CXX_FEATURE:1cxx_raw_string_literals
    Feature record: CXX_FEATURE:1cxx_reference_qualified_functions
    Feature record: CXX_FEATURE:1cxx_relaxed_constexpr
    Feature record: CXX_FEATURE:1cxx_return_type_deduction
    Feature record: CXX_FEATURE:1cxx_right_angle_brackets
    Feature record: CXX_FEATURE:1cxx_rvalue_references
    Feature record: CXX_FEATURE:1cxx_sizeof_member
    Feature record: CXX_FEATURE:1cxx_static_assert
    Feature record: CXX_FEATURE:1cxx_strong_enums
    Feature record: CXX_FEATURE:1cxx_template_template_parameters
    Feature record: CXX_FEATURE:1cxx_thread_local
    Feature record: CXX_FEATURE:1cxx_trailing_return_types
    Feature record: CXX_FEATURE:1cxx_unicode_literals
    Feature record: CXX_FEATURE:1cxx_uniform_initialization
    Feature record: CXX_FEATURE:1cxx_unrestricted_unions
    Feature record: CXX_FEATURE:1cxx_user_literals
    Feature record: CXX_FEATURE:1cxx_variable_templates
    Feature record: CXX_FEATURE:1cxx_variadic_macros
    Feature record: CXX_FEATURE:1cxx_variadic_templates


Detecting CXX [-std=c++11] compiler features compiled with the following output:
Change Dir: /Users/walidarsalane/Documents/computation/MAST_multiphysics_fork/mast-multiphysics/cmake-build-release/CMakeFiles/CMakeTmp

Run Build Command:"/usr/bin/make" "cmTC_a2525/fast"
/Applications/Xcode.app/Contents/Developer/usr/bin/make -f CMakeFiles/cmTC_a2525.dir/build.make CMakeFiles/cmTC_a2525.dir/build
Building CXX object CMakeFiles/cmTC_a2525.dir/feature_tests.cxx.o
/Users/walidarsalane/Documents/computation/spack/opt/spack/darwin-mojave-x86_64/clang-10.0.1-apple/openmpi-3.1.4-qz6zsrmc4l4tdlthlxppwr34bmdxlswa/bin/mpicxx    -isysroot /Applications/Xcode.app/Contents/Developer/Platforms/MacOSX.platform/Developer/SDKs/MacOSX10.15.sdk   -std=c++11 -o CMakeFiles/cmTC_a2525.dir/feature_tests.cxx.o -c /Users/walidarsalane/Documents/computation/MAST_multiphysics_fork/mast-multiphysics/cmake-build-release/CMakeFiles/feature_tests.cxx
Linking CXX executable cmTC_a2525
/Applications/CLion.app/Contents/bin/cmake/bin/cmake -E cmake_link_script CMakeFiles/cmTC_a2525.dir/link.txt --verbose=1
/Users/walidarsalane/Documents/computation/spack/opt/spack/darwin-mojave-x86_64/clang-10.0.1-apple/openmpi-3.1.4-qz6zsrmc4l4tdlthlxppwr34bmdxlswa/bin/mpicxx    -isysroot /Applications/Xcode.app/Contents/Developer/Platforms/MacOSX.platform/Developer/SDKs/MacOSX10.15.sdk -Wl,-search_paths_first -Wl,-headerpad_max_install_names   CMakeFiles/cmTC_a2525.dir/feature_tests.cxx.o  -o cmTC_a2525 


    Feature record: CXX_FEATURE:0cxx_aggregate_default_initializers
    Feature record: CXX_FEATURE:1cxx_alias_templates
    Feature record: CXX_FEATURE:1cxx_alignas
    Feature record: CXX_FEATURE:1cxx_alignof
    Feature record: CXX_FEATURE:1cxx_attributes
    Feature record: CXX_FEATURE:0cxx_attribute_deprecated
    Feature record: CXX_FEATURE:1cxx_auto_type
    Feature record: CXX_FEATURE:0cxx_binary_literals
    Feature record: CXX_FEATURE:1cxx_constexpr
    Feature record: CXX_FEATURE:0cxx_contextual_conversions
    Feature record: CXX_FEATURE:1cxx_decltype
    Feature record: CXX_FEATURE:0cxx_decltype_auto
    Feature record: CXX_FEATURE:1cxx_decltype_incomplete_return_types
    Feature record: CXX_FEATURE:1cxx_default_function_template_args
    Feature record: CXX_FEATURE:1cxx_defaulted_functions
    Feature record: CXX_FEATURE:1cxx_defaulted_move_initializers
    Feature record: CXX_FEATURE:1cxx_delegating_constructors
    Feature record: CXX_FEATURE:1cxx_deleted_functions
    Feature record: CXX_FEATURE:0cxx_digit_separators
    Feature record: CXX_FEATURE:1cxx_enum_forward_declarations
    Feature record: CXX_FEATURE:1cxx_explicit_conversions
    Feature record: CXX_FEATURE:1cxx_extended_friend_declarations
    Feature record: CXX_FEATURE:1cxx_extern_templates
    Feature record: CXX_FEATURE:1cxx_final
    Feature record: CXX_FEATURE:1cxx_func_identifier
    Feature record: CXX_FEATURE:1cxx_generalized_initializers
    Feature record: CXX_FEATURE:0cxx_generic_lambdas
    Feature record: CXX_FEATURE:1cxx_inheriting_constructors
    Feature record: CXX_FEATURE:1cxx_inline_namespaces
    Feature record: CXX_FEATURE:1cxx_lambdas
    Feature record: CXX_FEATURE:0cxx_lambda_init_captures
    Feature record: CXX_FEATURE:1cxx_local_type_template_args
    Feature record: CXX_FEATURE:1cxx_long_long_type
    Feature record: CXX_FEATURE:1cxx_noexcept
    Feature record: CXX_FEATURE:1cxx_nonstatic_member_init
    Feature record: CXX_FEATURE:1cxx_nullptr
    Feature record: CXX_FEATURE:1cxx_override
    Feature record: CXX_FEATURE:1cxx_range_for
    Feature record: CXX_FEATURE:1cxx_raw_string_literals
    Feature record: CXX_FEATURE:1cxx_reference_qualified_functions
    Feature record: CXX_FEATURE:0cxx_relaxed_constexpr
    Feature record: CXX_FEATURE:0cxx_return_type_deduction
    Feature record: CXX_FEATURE:1cxx_right_angle_brackets
    Feature record: CXX_FEATURE:1cxx_rvalue_references
    Feature record: CXX_FEATURE:1cxx_sizeof_member
    Feature record: CXX_FEATURE:1cxx_static_assert
    Feature record: CXX_FEATURE:1cxx_strong_enums
    Feature record: CXX_FEATURE:1cxx_template_template_parameters
    Feature record: CXX_FEATURE:1cxx_thread_local
    Feature record: CXX_FEATURE:1cxx_trailing_return_types
    Feature record: CXX_FEATURE:1cxx_unicode_literals
    Feature record: CXX_FEATURE:1cxx_uniform_initialization
    Feature record: CXX_FEATURE:1cxx_unrestricted_unions
    Feature record: CXX_FEATURE:1cxx_user_literals
    Feature record: CXX_FEATURE:0cxx_variable_templates
    Feature record: CXX_FEATURE:1cxx_variadic_macros
    Feature record: CXX_FEATURE:1cxx_variadic_templates


Detecting CXX [-std=c++98] compiler features compiled with the following output:
Change Dir: /Users/walidarsalane/Documents/computation/MAST_multiphysics_fork/mast-multiphysics/cmake-build-release/CMakeFiles/CMakeTmp

Run Build Command:"/usr/bin/make" "cmTC_c1695/fast"
/Applications/Xcode.app/Contents/Developer/usr/bin/make -f CMakeFiles/cmTC_c1695.dir/build.make CMakeFiles/cmTC_c1695.dir/build
Building CXX object CMakeFiles/cmTC_c1695.dir/feature_tests.cxx.o
/Users/walidarsalane/Documents/computation/spack/opt/spack/darwin-mojave-x86_64/clang-10.0.1-apple/openmpi-3.1.4-qz6zsrmc4l4tdlthlxppwr34bmdxlswa/bin/mpicxx    -isysroot /Applications/Xcode.app/Contents/Developer/Platforms/MacOSX.platform/Developer/SDKs/MacOSX10.15.sdk   -std=c++98 -o CMakeFiles/cmTC_c1695.dir/feature_tests.cxx.o -c /Users/walidarsalane/Documents/computation/MAST_multiphysics_fork/mast-multiphysics/cmake-build-release/CMakeFiles/feature_tests.cxx
Linking CXX executable cmTC_c1695
/Applications/CLion.app/Contents/bin/cmake/bin/cmake -E cmake_link_script CMakeFiles/cmTC_c1695.dir/link.txt --verbose=1
/Users/walidarsalane/Documents/computation/spack/opt/spack/darwin-mojave-x86_64/clang-10.0.1-apple/openmpi-3.1.4-qz6zsrmc4l4tdlthlxppwr34bmdxlswa/bin/mpicxx    -isysroot /Applications/Xcode.app/Contents/Developer/Platforms/MacOSX.platform/Developer/SDKs/MacOSX10.15.sdk -Wl,-search_paths_first -Wl,-headerpad_max_install_names   CMakeFiles/cmTC_c1695.dir/feature_tests.cxx.o  -o cmTC_c1695 


    Feature record: CXX_FEATURE:0cxx_aggregate_default_initializers
    Feature record: CXX_FEATURE:0cxx_alias_templates
    Feature record: CXX_FEATURE:0cxx_alignas
    Feature record: CXX_FEATURE:0cxx_alignof
    Feature record: CXX_FEATURE:0cxx_attributes
    Feature record: CXX_FEATURE:0cxx_attribute_deprecated
    Feature record: CXX_FEATURE:0cxx_auto_type
    Feature record: CXX_FEATURE:0cxx_binary_literals
    Feature record: CXX_FEATURE:0cxx_constexpr
    Feature record: CXX_FEATURE:0cxx_contextual_conversions
    Feature record: CXX_FEATURE:0cxx_decltype
    Feature record: CXX_FEATURE:0cxx_decltype_auto
    Feature record: CXX_FEATURE:0cxx_decltype_incomplete_return_types
    Feature record: CXX_FEATURE:0cxx_default_function_template_args
    Feature record: CXX_FEATURE:0cxx_defaulted_functions
    Feature record: CXX_FEATURE:0cxx_defaulted_move_initializers
    Feature record: CXX_FEATURE:0cxx_delegating_constructors
    Feature record: CXX_FEATURE:0cxx_deleted_functions
    Feature record: CXX_FEATURE:0cxx_digit_separators
    Feature record: CXX_FEATURE:0cxx_enum_forward_declarations
    Feature record: CXX_FEATURE:0cxx_explicit_conversions
    Feature record: CXX_FEATURE:0cxx_extended_friend_declarations
    Feature record: CXX_FEATURE:0cxx_extern_templates
    Feature record: CXX_FEATURE:0cxx_final
    Feature record: CXX_FEATURE:0cxx_func_identifier
    Feature record: CXX_FEATURE:0cxx_generalized_initializers
    Feature record: CXX_FEATURE:0cxx_generic_lambdas
    Feature record: CXX_FEATURE:0cxx_inheriting_constructors
    Feature record: CXX_FEATURE:0cxx_inline_namespaces
    Feature record: CXX_FEATURE:0cxx_lambdas
    Feature record: CXX_FEATURE:0cxx_lambda_init_captures
    Feature record: CXX_FEATURE:0cxx_local_type_template_args
    Feature record: CXX_FEATURE:0cxx_long_long_type
    Feature record: CXX_FEATURE:0cxx_noexcept
    Feature record: CXX_FEATURE:0cxx_nonstatic_member_init
    Feature record: CXX_FEATURE:0cxx_nullptr
    Feature record: CXX_FEATURE:0cxx_override
    Feature record: CXX_FEATURE:0cxx_range_for
    Feature record: CXX_FEATURE:0cxx_raw_string_literals
    Feature record: CXX_FEATURE:0cxx_reference_qualified_functions
    Feature record: CXX_FEATURE:0cxx_relaxed_constexpr
    Feature record: CXX_FEATURE:0cxx_return_type_deduction
    Feature record: CXX_FEATURE:0cxx_right_angle_brackets
    Feature record: CXX_FEATURE:0cxx_rvalue_references
    Feature record: CXX_FEATURE:0cxx_sizeof_member
    Feature record: CXX_FEATURE:0cxx_static_assert
    Feature record: CXX_FEATURE:0cxx_strong_enums
    Feature record: CXX_FEATURE:1cxx_template_template_parameters
    Feature record: CXX_FEATURE:0cxx_thread_local
    Feature record: CXX_FEATURE:0cxx_trailing_return_types
    Feature record: CXX_FEATURE:0cxx_unicode_literals
    Feature record: CXX_FEATURE:0cxx_uniform_initialization
    Feature record: CXX_FEATURE:0cxx_unrestricted_unions
    Feature record: CXX_FEATURE:0cxx_user_literals
    Feature record: CXX_FEATURE:0cxx_variable_templates
    Feature record: CXX_FEATURE:0cxx_variadic_macros
    Feature record: CXX_FEATURE:0cxx_variadic_templates
Determining if the function dgemm_ exists passed with the following output:
Change Dir: /Users/walidarsalane/Documents/computation/MAST_multiphysics_fork/mast-multiphysics/cmake-build-release/CMakeFiles/CMakeTmp

Run Build Command:"/usr/bin/make" "cmTC_89529/fast"
/Applications/Xcode.app/Contents/Developer/usr/bin/make -f CMakeFiles/cmTC_89529.dir/build.make CMakeFiles/cmTC_89529.dir/build
Building C object CMakeFiles/cmTC_89529.dir/CheckFunctionExists.c.o
/Users/walidarsalane/Documents/computation/spack/opt/spack/darwin-mojave-x86_64/clang-10.0.1-apple/openmpi-3.1.4-qz6zsrmc4l4tdlthlxppwr34bmdxlswa/bin/mpicc   -DCHECK_FUNCTION_EXISTS=dgemm_ -isysroot /Applications/Xcode.app/Contents/Developer/Platforms/MacOSX.platform/Developer/SDKs/MacOSX10.15.sdk   -o CMakeFiles/cmTC_89529.dir/CheckFunctionExists.c.o   -c /Applications/CLion.app/Contents/bin/cmake/share/cmake-3.10/Modules/CheckFunctionExists.c
Linking C executable cmTC_89529
/Applications/CLion.app/Contents/bin/cmake/bin/cmake -E cmake_link_script CMakeFiles/cmTC_89529.dir/link.txt --verbose=1
/Users/walidarsalane/Documents/computation/spack/opt/spack/darwin-mojave-x86_64/clang-10.0.1-apple/openmpi-3.1.4-qz6zsrmc4l4tdlthlxppwr34bmdxlswa/bin/mpicc  -DCHECK_FUNCTION_EXISTS=dgemm_ -isysroot /Applications/Xcode.app/Contents/Developer/Platforms/MacOSX.platform/Developer/SDKs/MacOSX10.15.sdk -Wl,-search_paths_first -Wl,-headerpad_max_install_names   CMakeFiles/cmTC_89529.dir/CheckFunctionExists.c.o  -o cmTC_89529 -framework Accelerate 


Determining if the include file pthread.h exists passed with the following output:
Change Dir: /Users/walidarsalane/Documents/computation/MAST_multiphysics_fork/mast-multiphysics/cmake-build-release/CMakeFiles/CMakeTmp

Run Build Command:"/usr/bin/make" "cmTC_0cd9c/fast"
/Applications/Xcode.app/Contents/Developer/usr/bin/make -f CMakeFiles/cmTC_0cd9c.dir/build.make CMakeFiles/cmTC_0cd9c.dir/build
Building C object CMakeFiles/cmTC_0cd9c.dir/CheckIncludeFile.c.o
/Users/walidarsalane/Documents/computation/spack/opt/spack/darwin-mojave-x86_64/clang-10.0.1-apple/openmpi-3.1.4-qz6zsrmc4l4tdlthlxppwr34bmdxlswa/bin/mpicc   -isysroot /Applications/Xcode.app/Contents/Developer/Platforms/MacOSX.platform/Developer/SDKs/MacOSX10.15.sdk   -o CMakeFiles/cmTC_0cd9c.dir/CheckIncludeFile.c.o   -c /Users/walidarsalane/Documents/computation/MAST_multiphysics_fork/mast-multiphysics/cmake-build-release/CMakeFiles/CMakeTmp/CheckIncludeFile.c
Linking C executable cmTC_0cd9c
/Applications/CLion.app/Contents/bin/cmake/bin/cmake -E cmake_link_script CMakeFiles/cmTC_0cd9c.dir/link.txt --verbose=1
/Users/walidarsalane/Documents/computation/spack/opt/spack/darwin-mojave-x86_64/clang-10.0.1-apple/openmpi-3.1.4-qz6zsrmc4l4tdlthlxppwr34bmdxlswa/bin/mpicc   -isysroot /Applications/Xcode.app/Contents/Developer/Platforms/MacOSX.platform/Developer/SDKs/MacOSX10.15.sdk -Wl,-search_paths_first -Wl,-headerpad_max_install_names   CMakeFiles/cmTC_0cd9c.dir/CheckIncludeFile.c.o  -o cmTC_0cd9c 


Determining if the pthread_create exist passed with the following output:
Change Dir: /Users/walidarsalane/Documents/computation/MAST_multiphysics_fork/mast-multiphysics/cmake-build-release/CMakeFiles/CMakeTmp

Run Build Command:"/usr/bin/make" "cmTC_c4a8d/fast"
/Applications/Xcode.app/Contents/Developer/usr/bin/make -f CMakeFiles/cmTC_c4a8d.dir/build.make CMakeFiles/cmTC_c4a8d.dir/build
Building C object CMakeFiles/cmTC_c4a8d.dir/CheckSymbolExists.c.o
/Users/walidarsalane/Documents/computation/spack/opt/spack/darwin-mojave-x86_64/clang-10.0.1-apple/openmpi-3.1.4-qz6zsrmc4l4tdlthlxppwr34bmdxlswa/bin/mpicc   -isysroot /Applications/Xcode.app/Contents/Developer/Platforms/MacOSX.platform/Developer/SDKs/MacOSX10.15.sdk   -o CMakeFiles/cmTC_c4a8d.dir/CheckSymbolExists.c.o   -c /Users/walidarsalane/Documents/computation/MAST_multiphysics_fork/mast-multiphysics/cmake-build-release/CMakeFiles/CMakeTmp/CheckSymbolExists.c
Linking C executable cmTC_c4a8d
/Applications/CLion.app/Contents/bin/cmake/bin/cmake -E cmake_link_script CMakeFiles/cmTC_c4a8d.dir/link.txt --verbose=1
/Users/walidarsalane/Documents/computation/spack/opt/spack/darwin-mojave-x86_64/clang-10.0.1-apple/openmpi-3.1.4-qz6zsrmc4l4tdlthlxppwr34bmdxlswa/bin/mpicc   -isysroot /Applications/Xcode.app/Contents/Developer/Platforms/MacOSX.platform/Developer/SDKs/MacOSX10.15.sdk -Wl,-search_paths_first -Wl,-headerpad_max_install_names   CMakeFiles/cmTC_c4a8d.dir/CheckSymbolExists.c.o  -o cmTC_c4a8d 

File /Users/walidarsalane/Documents/computation/MAST_multiphysics_fork/mast-multiphysics/cmake-build-release/CMakeFiles/CMakeTmp/CheckSymbolExists.c:
/* */
#include <pthread.h>

int main(int argc, char** argv)
{
  (void)argv;
#ifndef pthread_create
  return ((int*)(&pthread_create))[argc];
#else
  (void)argc;
  return 0;
#endif
}

Determining if the function cheev_ exists passed with the following output:
Change Dir: /Users/walidarsalane/Documents/computation/MAST_multiphysics_fork/mast-multiphysics/cmake-build-release/CMakeFiles/CMakeTmp

Run Build Command:"/usr/bin/make" "cmTC_2d704/fast"
/Applications/Xcode.app/Contents/Developer/usr/bin/make -f CMakeFiles/cmTC_2d704.dir/build.make CMakeFiles/cmTC_2d704.dir/build
Building C object CMakeFiles/cmTC_2d704.dir/CheckFunctionExists.c.o
/Users/walidarsalane/Documents/computation/spack/opt/spack/darwin-mojave-x86_64/clang-10.0.1-apple/openmpi-3.1.4-qz6zsrmc4l4tdlthlxppwr34bmdxlswa/bin/mpicc   -DCHECK_FUNCTION_EXISTS=cheev_ -isysroot /Applications/Xcode.app/Contents/Developer/Platforms/MacOSX.platform/Developer/SDKs/MacOSX10.15.sdk   -o CMakeFiles/cmTC_2d704.dir/CheckFunctionExists.c.o   -c /Applications/CLion.app/Contents/bin/cmake/share/cmake-3.10/Modules/CheckFunctionExists.c
Linking C executable cmTC_2d704
/Applications/CLion.app/Contents/bin/cmake/bin/cmake -E cmake_link_script CMakeFiles/cmTC_2d704.dir/link.txt --verbose=1
/Users/walidarsalane/Documents/computation/spack/opt/spack/darwin-mojave-x86_64/clang-10.0.1-apple/openmpi-3.1.4-qz6zsrmc4l4tdlthlxppwr34bmdxlswa/bin/mpicc  -DCHECK_FUNCTION_EXISTS=cheev_ -isysroot /Applications/Xcode.app/Contents/Developer/Platforms/MacOSX.platform/Developer/SDKs/MacOSX10.15.sdk -Wl,-search_paths_first -Wl,-headerpad_max_install_names   CMakeFiles/cmTC_2d704.dir/CheckFunctionExists.c.o  -o cmTC_2d704 -framework Accelerate -framework Accelerate 


Compiling the Fortran compiler identification source file "CMakeFortranCompilerId.F" succeeded.
Compiler: /Users/walidarsalane/Documents/computation/spack/opt/spack/darwin-mojave-x86_64/clang-10.0.1-apple/openmpi-3.1.4-qz6zsrmc4l4tdlthlxppwr34bmdxlswa/bin/mpif90 
Build flags: 
Id flags: -c 

The output was:
0


Compilation of the Fortran compiler identification source "CMakeFortranCompilerId.F" produced "CMakeFortranCompilerId.o"

The Fortran compiler identification is GNU, found in "/Users/walidarsalane/Documents/computation/MAST_multiphysics_fork/mast-multiphysics/cmake-build-release/CMakeFiles/3.10.3/CompilerIdFortran/CMakeFortranCompilerId.o"

Determining if the Fortran compiler works passed with the following output:
Change Dir: /Users/walidarsalane/Documents/computation/MAST_multiphysics_fork/mast-multiphysics/cmake-build-release/CMakeFiles/CMakeTmp

Run Build Command:"/usr/bin/make" "cmTC_b5b12/fast"
/Applications/Xcode.app/Contents/Developer/usr/bin/make -f CMakeFiles/cmTC_b5b12.dir/build.make CMakeFiles/cmTC_b5b12.dir/build
Building Fortran object CMakeFiles/cmTC_b5b12.dir/testFortranCompiler.f.o
/Users/walidarsalane/Documents/computation/spack/opt/spack/darwin-mojave-x86_64/clang-10.0.1-apple/openmpi-3.1.4-qz6zsrmc4l4tdlthlxppwr34bmdxlswa/bin/mpif90   -isysroot /Applications/Xcode.app/Contents/Developer/Platforms/MacOSX.platform/Developer/SDKs/MacOSX10.15.sdk   -c /Users/walidarsalane/Documents/computation/MAST_multiphysics_fork/mast-multiphysics/cmake-build-release/CMakeFiles/CMakeTmp/testFortranCompiler.f -o CMakeFiles/cmTC_b5b12.dir/testFortranCompiler.f.o
Linking Fortran executable cmTC_b5b12
/Applications/CLion.app/Contents/bin/cmake/bin/cmake -E cmake_link_script CMakeFiles/cmTC_b5b12.dir/link.txt --verbose=1
/Users/walidarsalane/Documents/computation/spack/opt/spack/darwin-mojave-x86_64/clang-10.0.1-apple/openmpi-3.1.4-qz6zsrmc4l4tdlthlxppwr34bmdxlswa/bin/mpif90      -isysroot /Applications/Xcode.app/Contents/Developer/Platforms/MacOSX.platform/Developer/SDKs/MacOSX10.15.sdk CMakeFiles/cmTC_b5b12.dir/testFortranCompiler.f.o  -o cmTC_b5b12 


Detecting Fortran compiler ABI info compiled with the following output:
Change Dir: /Users/walidarsalane/Documents/computation/MAST_multiphysics_fork/mast-multiphysics/cmake-build-release/CMakeFiles/CMakeTmp

Run Build Command:"/usr/bin/make" "cmTC_2359f/fast"
/Applications/Xcode.app/Contents/Developer/usr/bin/make -f CMakeFiles/cmTC_2359f.dir/build.make CMakeFiles/cmTC_2359f.dir/build
Building Fortran object CMakeFiles/cmTC_2359f.dir/CMakeFortranCompilerABI.F.o
/Users/walidarsalane/Documents/computation/spack/opt/spack/darwin-mojave-x86_64/clang-10.0.1-apple/openmpi-3.1.4-qz6zsrmc4l4tdlthlxppwr34bmdxlswa/bin/mpif90   -isysroot /Applications/Xcode.app/Contents/Developer/Platforms/MacOSX.platform/Developer/SDKs/MacOSX10.15.sdk   -c /Applications/CLion.app/Contents/bin/cmake/share/cmake-3.10/Modules/CMakeFortranCompilerABI.F -o CMakeFiles/cmTC_2359f.dir/CMakeFortranCompilerABI.F.o
Linking Fortran executable cmTC_2359f
/Applications/CLion.app/Contents/bin/cmake/bin/cmake -E cmake_link_script CMakeFiles/cmTC_2359f.dir/link.txt --verbose=1
/Users/walidarsalane/Documents/computation/spack/opt/spack/darwin-mojave-x86_64/clang-10.0.1-apple/openmpi-3.1.4-qz6zsrmc4l4tdlthlxppwr34bmdxlswa/bin/mpif90   -v -Wl,-v   -isysroot /Applications/Xcode.app/Contents/Developer/Platforms/MacOSX.platform/Developer/SDKs/MacOSX10.15.sdk CMakeFiles/cmTC_2359f.dir/CMakeFortranCompilerABI.F.o  -o cmTC_2359f 
Driving: /opt/local/bin/gfortran -v -Wl,-v -isysroot /Applications/Xcode.app/Contents/Developer/Platforms/MacOSX.platform/Developer/SDKs/MacOSX10.15.sdk CMakeFiles/cmTC_2359f.dir/CMakeFortranCompilerABI.F.o -o cmTC_2359f -I/Users/walidarsalane/Documents/computation/spack/opt/spack/darwin-mojave-x86_64/clang-10.0.1-apple/openmpi-3.1.4-qz6zsrmc4l4tdlthlxppwr34bmdxlswa/include -fexceptions -Wl,-flat_namespace -Wl,-commons,use_dylibs -I/Users/walidarsalane/Documents/computation/spack/opt/spack/darwin-mojave-x86_64/clang-10.0.1-apple/openmpi-3.1.4-qz6zsrmc4l4tdlthlxppwr34bmdxlswa/lib -L/Users/walidarsalane/Documents/computation/spack/opt/spack/darwin-mojave-x86_64/clang-10.0.1-apple/hwloc-1.11.11-jbig2eupqmom6awbkt7k24sgc263e2ds/lib -L/Users/walidarsalane/Documents/computation/spack/opt/spack/darwin-mojave-x86_64/clang-10.0.1-apple/openmpi-3.1.4-qz6zsrmc4l4tdlthlxppwr34bmdxlswa/lib -lmpi_usempif08 -lmpi_usempi_ignore_tkr -lmpi_mpifh -lmpi -mmacosx-version-min=10.15.0 -asm_macosx_version_min=10.15 -l gfortran -shared-libgcc
Using built-in specs.
COLLECT_GCC=/opt/local/bin/gfortran
COLLECT_LTO_WRAPPER=/opt/local/libexec/gcc/x86_64-apple-darwin18/8.2.0/lto-wrapper
Target: x86_64-apple-darwin18
Configured with: /opt/local/var/macports/build/_opt_bblocal_var_buildworker_ports_build_ports_lang_gcc8/gcc8/work/gcc-8.2.0/configure --prefix=/opt/local --build=x86_64-apple-darwin18 --enable-languages=c,c++,objc,obj-c++,lto,fortran --libdir=/opt/local/lib/gcc8 --includedir=/opt/local/include/gcc8 --infodir=/opt/local/share/info --mandir=/opt/local/share/man --datarootdir=/opt/local/share/gcc-8 --with-local-prefix=/opt/local --with-system-zlib --disable-nls --program-suffix=-mp-8 --with-gxx-include-dir=/opt/local/include/gcc8/c++/ --with-gmp=/opt/local --with-mpfr=/opt/local --with-mpc=/opt/local --with-isl=/opt/local --enable-stage1-checking --disable-multilib --enable-lto --enable-libstdcxx-time --with-build-config=bootstrap-debug --with-as=/opt/local/bin/as --with-ld=/opt/local/bin/ld --with-ar=/opt/local/bin/ar --with-bugurl=https://trac.macports.org/newticket --disable-tls --with-pkgversion='MacPorts gcc8 8.2.0_3' --with-sysroot=/Applications/Xcode.app/Contents/Developer/Platforms/MacOSX.platform/Developer/SDKs/MacOSX10.14.sdk
Thread model: posix
gcc version 8.2.0 (MacPorts gcc8 8.2.0_3) 
Reading specs from /opt/local/lib/gcc8/gcc/x86_64-apple-darwin18/8.2.0/../../../libgfortran.spec
rename spec lib to liborig
COLLECT_GCC_OPTIONS='-v' '-isysroot' '/Applications/Xcode.app/Contents/Developer/Platforms/MacOSX.platform/Developer/SDKs/MacOSX10.15.sdk' '-o' 'cmTC_2359f' '-I' '/Users/walidarsalane/Documents/computation/spack/opt/spack/darwin-mojave-x86_64/clang-10.0.1-apple/openmpi-3.1.4-qz6zsrmc4l4tdlthlxppwr34bmdxlswa/include' '-fexceptions' '-I' '/Users/walidarsalane/Documents/computation/spack/opt/spack/darwin-mojave-x86_64/clang-10.0.1-apple/openmpi-3.1.4-qz6zsrmc4l4tdlthlxppwr34bmdxlswa/lib' '-L/Users/walidarsalane/Documents/computation/spack/opt/spack/darwin-mojave-x86_64/clang-10.0.1-apple/hwloc-1.11.11-jbig2eupqmom6awbkt7k24sgc263e2ds/lib' '-L/Users/walidarsalane/Documents/computation/spack/opt/spack/darwin-mojave-x86_64/clang-10.0.1-apple/openmpi-3.1.4-qz6zsrmc4l4tdlthlxppwr34bmdxlswa/lib' '-mmacosx-version-min=10.15.0' '-asm_macosx_version_min=10.15' '-shared-libgcc' '-mtune=core2'
COMPILER_PATH=/opt/local/libexec/gcc/x86_64-apple-darwin18/8.2.0/:/opt/local/libexec/gcc/x86_64-apple-darwin18/8.2.0/:/opt/local/libexec/gcc/x86_64-apple-darwin18/:/opt/local/lib/gcc8/gcc/x86_64-apple-darwin18/8.2.0/:/opt/local/lib/gcc8/gcc/x86_64-apple-darwin18/
LIBRARY_PATH=/opt/local/lib/gcc8/gcc/x86_64-apple-darwin18/8.2.0/:/opt/local/lib/gcc8/gcc/x86_64-apple-darwin18/8.2.0/../../../
COLLECT_GCC_OPTIONS='-v' '-isysroot' '/Applications/Xcode.app/Contents/Developer/Platforms/MacOSX.platform/Developer/SDKs/MacOSX10.15.sdk' '-o' 'cmTC_2359f' '-I' '/Users/walidarsalane/Documents/computation/spack/opt/spack/darwin-mojave-x86_64/clang-10.0.1-apple/openmpi-3.1.4-qz6zsrmc4l4tdlthlxppwr34bmdxlswa/include' '-fexceptions' '-I' '/Users/walidarsalane/Documents/computation/spack/opt/spack/darwin-mojave-x86_64/clang-10.0.1-apple/openmpi-3.1.4-qz6zsrmc4l4tdlthlxppwr34bmdxlswa/lib' '-L/Users/walidarsalane/Documents/computation/spack/opt/spack/darwin-mojave-x86_64/clang-10.0.1-apple/hwloc-1.11.11-jbig2eupqmom6awbkt7k24sgc263e2ds/lib' '-L/Users/walidarsalane/Documents/computation/spack/opt/spack/darwin-mojave-x86_64/clang-10.0.1-apple/openmpi-3.1.4-qz6zsrmc4l4tdlthlxppwr34bmdxlswa/lib' '-mmacosx-version-min=10.15.0' '-asm_macosx_version_min=10.15' '-shared-libgcc' '-mtune=core2'
 /opt/local/libexec/gcc/x86_64-apple-darwin18/8.2.0/collect2 -dynamic -arch x86_64 -macosx_version_min 10.15.0 -syslibroot /Applications/Xcode.app/Contents/Developer/Platforms/MacOSX.platform/Developer/SDKs/MacOSX10.15.sdk -weak_reference_mismatches non-weak -o cmTC_2359f -L/Users/walidarsalane/Documents/computation/spack/opt/spack/darwin-mojave-x86_64/clang-10.0.1-apple/hwloc-1.11.11-jbig2eupqmom6awbkt7k24sgc263e2ds/lib -L/Users/walidarsalane/Documents/computation/spack/opt/spack/darwin-mojave-x86_64/clang-10.0.1-apple/openmpi-3.1.4-qz6zsrmc4l4tdlthlxppwr34bmdxlswa/lib -L/opt/local/lib/gcc8/gcc/x86_64-apple-darwin18/8.2.0 -L/opt/local/lib/gcc8/gcc/x86_64-apple-darwin18/8.2.0/../../.. -v CMakeFiles/cmTC_2359f.dir/CMakeFortranCompilerABI.F.o -flat_namespace -commons use_dylibs -lmpi_usempif08 -lmpi_usempi_ignore_tkr -lmpi_mpifh -lmpi -lgfortran -no_compact_unwind -lSystem -lgcc_ext.10.5 -lgcc -lquadmath -lm -lgcc_ext.10.5 -lgcc -lSystem -v
collect2 version 8.2.0
/opt/local/bin/ld -dynamic -arch x86_64 -macosx_version_min 10.15.0 -syslibroot /Applications/Xcode.app/Contents/Developer/Platforms/MacOSX.platform/Developer/SDKs/MacOSX10.15.sdk -weak_reference_mismatches non-weak -o cmTC_2359f -L/Users/walidarsalane/Documents/computation/spack/opt/spack/darwin-mojave-x86_64/clang-10.0.1-apple/hwloc-1.11.11-jbig2eupqmom6awbkt7k24sgc263e2ds/lib -L/Users/walidarsalane/Documents/computation/spack/opt/spack/darwin-mojave-x86_64/clang-10.0.1-apple/openmpi-3.1.4-qz6zsrmc4l4tdlthlxppwr34bmdxlswa/lib -L/opt/local/lib/gcc8/gcc/x86_64-apple-darwin18/8.2.0 -L/opt/local/lib/gcc8/gcc/x86_64-apple-darwin18/8.2.0/../../.. -v CMakeFiles/cmTC_2359f.dir/CMakeFortranCompilerABI.F.o -flat_namespace -commons use_dylibs -lmpi_usempif08 -lmpi_usempi_ignore_tkr -lmpi_mpifh -lmpi -lgfortran -no_compact_unwind -lSystem -lgcc_ext.10.5 -lgcc -lquadmath -lm -lgcc_ext.10.5 -lgcc -lSystem -v
@(#)PROGRAM:ld  PROJECT:ld64-512.4
BUILD 14:16:54 Aug 26 2019
configured to support archs: armv6 armv7 armv7s arm64 arm64e arm64_32 i386 x86_64 x86_64h armv6m armv7k armv7m armv7em
@(#)PROGRAM:ld  PROJECT:ld64-512.4
BUILD 14:16:54 Aug 26 2019
configured to support archs: armv6 armv7 armv7s arm64 arm64e arm64_32 i386 x86_64 x86_64h armv6m armv7k armv7m armv7em
Library search paths:
	/Users/walidarsalane/Documents/computation/spack/opt/spack/darwin-mojave-x86_64/clang-10.0.1-apple/hwloc-1.11.11-jbig2eupqmom6awbkt7k24sgc263e2ds/lib
	/Users/walidarsalane/Documents/computation/spack/opt/spack/darwin-mojave-x86_64/clang-10.0.1-apple/openmpi-3.1.4-qz6zsrmc4l4tdlthlxppwr34bmdxlswa/lib
	/opt/local/lib/gcc8/gcc/x86_64-apple-darwin18/8.2.0
	/opt/local/lib/gcc8
	/Applications/Xcode.app/Contents/Developer/Platforms/MacOSX.platform/Developer/SDKs/MacOSX10.15.sdk/usr/lib
Framework search paths:
	/Applications/Xcode.app/Contents/Developer/Platforms/MacOSX.platform/Developer/SDKs/MacOSX10.15.sdk/System/Library/Frameworks/
 /usr/bin/nm -n CMakeFiles/cmTC_2359f.dir/CMakeFortranCompilerABI.F.o


Parsed Fortran implicit link information from above output:
  link line regex: [^( *|.*[/\])(ld|CMAKE_LINK_STARTFILE-NOTFOUND|([^/\]+-)?ld|collect2)[^/\]*( |$)]
  ignore line: [Change Dir: /Users/walidarsalane/Documents/computation/MAST_multiphysics_fork/mast-multiphysics/cmake-build-release/CMakeFiles/CMakeTmp]
  ignore line: []
  ignore line: [Run Build Command:"/usr/bin/make" "cmTC_2359f/fast"]
  ignore line: [/Applications/Xcode.app/Contents/Developer/usr/bin/make -f CMakeFiles/cmTC_2359f.dir/build.make CMakeFiles/cmTC_2359f.dir/build]
  ignore line: [Building Fortran object CMakeFiles/cmTC_2359f.dir/CMakeFortranCompilerABI.F.o]
  ignore line: [/Users/walidarsalane/Documents/computation/spack/opt/spack/darwin-mojave-x86_64/clang-10.0.1-apple/openmpi-3.1.4-qz6zsrmc4l4tdlthlxppwr34bmdxlswa/bin/mpif90   -isysroot /Applications/Xcode.app/Contents/Developer/Platforms/MacOSX.platform/Developer/SDKs/MacOSX10.15.sdk   -c /Applications/CLion.app/Contents/bin/cmake/share/cmake-3.10/Modules/CMakeFortranCompilerABI.F -o CMakeFiles/cmTC_2359f.dir/CMakeFortranCompilerABI.F.o]
  ignore line: [Linking Fortran executable cmTC_2359f]
  ignore line: [/Applications/CLion.app/Contents/bin/cmake/bin/cmake -E cmake_link_script CMakeFiles/cmTC_2359f.dir/link.txt --verbose=1]
  ignore line: [/Users/walidarsalane/Documents/computation/spack/opt/spack/darwin-mojave-x86_64/clang-10.0.1-apple/openmpi-3.1.4-qz6zsrmc4l4tdlthlxppwr34bmdxlswa/bin/mpif90   -v -Wl,-v   -isysroot /Applications/Xcode.app/Contents/Developer/Platforms/MacOSX.platform/Developer/SDKs/MacOSX10.15.sdk CMakeFiles/cmTC_2359f.dir/CMakeFortranCompilerABI.F.o  -o cmTC_2359f ]
  ignore line: [Driving: /opt/local/bin/gfortran -v -Wl,-v -isysroot /Applications/Xcode.app/Contents/Developer/Platforms/MacOSX.platform/Developer/SDKs/MacOSX10.15.sdk CMakeFiles/cmTC_2359f.dir/CMakeFortranCompilerABI.F.o -o cmTC_2359f -I/Users/walidarsalane/Documents/computation/spack/opt/spack/darwin-mojave-x86_64/clang-10.0.1-apple/openmpi-3.1.4-qz6zsrmc4l4tdlthlxppwr34bmdxlswa/include -fexceptions -Wl,-flat_namespace -Wl,-commons,use_dylibs -I/Users/walidarsalane/Documents/computation/spack/opt/spack/darwin-mojave-x86_64/clang-10.0.1-apple/openmpi-3.1.4-qz6zsrmc4l4tdlthlxppwr34bmdxlswa/lib -L/Users/walidarsalane/Documents/computation/spack/opt/spack/darwin-mojave-x86_64/clang-10.0.1-apple/hwloc-1.11.11-jbig2eupqmom6awbkt7k24sgc263e2ds/lib -L/Users/walidarsalane/Documents/computation/spack/opt/spack/darwin-mojave-x86_64/clang-10.0.1-apple/openmpi-3.1.4-qz6zsrmc4l4tdlthlxppwr34bmdxlswa/lib -lmpi_usempif08 -lmpi_usempi_ignore_tkr -lmpi_mpifh -lmpi -mmacosx-version-min=10.15.0 -asm_macosx_version_min=10.15 -l gfortran -shared-libgcc]
  ignore line: [Using built-in specs.]
  ignore line: [COLLECT_GCC=/opt/local/bin/gfortran]
  ignore line: [COLLECT_LTO_WRAPPER=/opt/local/libexec/gcc/x86_64-apple-darwin18/8.2.0/lto-wrapper]
  ignore line: [Target: x86_64-apple-darwin18]
  ignore line: [Configured with: /opt/local/var/macports/build/_opt_bblocal_var_buildworker_ports_build_ports_lang_gcc8/gcc8/work/gcc-8.2.0/configure --prefix=/opt/local --build=x86_64-apple-darwin18 --enable-languages=c,c++,objc,obj-c++,lto,fortran --libdir=/opt/local/lib/gcc8 --includedir=/opt/local/include/gcc8 --infodir=/opt/local/share/info --mandir=/opt/local/share/man --datarootdir=/opt/local/share/gcc-8 --with-local-prefix=/opt/local --with-system-zlib --disable-nls --program-suffix=-mp-8 --with-gxx-include-dir=/opt/local/include/gcc8/c++/ --with-gmp=/opt/local --with-mpfr=/opt/local --with-mpc=/opt/local --with-isl=/opt/local --enable-stage1-checking --disable-multilib --enable-lto --enable-libstdcxx-time --with-build-config=bootstrap-debug --with-as=/opt/local/bin/as --with-ld=/opt/local/bin/ld --with-ar=/opt/local/bin/ar --with-bugurl=https://trac.macports.org/newticket --disable-tls --with-pkgversion='MacPorts gcc8 8.2.0_3' --with-sysroot=/Applications/Xcode.app/Contents/Developer/Platforms/MacOSX.platform/Developer/SDKs/MacOSX10.14.sdk]
  ignore line: [Thread model: posix]
  ignore line: [gcc version 8.2.0 (MacPorts gcc8 8.2.0_3) ]
  ignore line: [Reading specs from /opt/local/lib/gcc8/gcc/x86_64-apple-darwin18/8.2.0/../../../libgfortran.spec]
  ignore line: [rename spec lib to liborig]
  ignore line: [COLLECT_GCC_OPTIONS='-v' '-isysroot' '/Applications/Xcode.app/Contents/Developer/Platforms/MacOSX.platform/Developer/SDKs/MacOSX10.15.sdk' '-o' 'cmTC_2359f' '-I' '/Users/walidarsalane/Documents/computation/spack/opt/spack/darwin-mojave-x86_64/clang-10.0.1-apple/openmpi-3.1.4-qz6zsrmc4l4tdlthlxppwr34bmdxlswa/include' '-fexceptions' '-I' '/Users/walidarsalane/Documents/computation/spack/opt/spack/darwin-mojave-x86_64/clang-10.0.1-apple/openmpi-3.1.4-qz6zsrmc4l4tdlthlxppwr34bmdxlswa/lib' '-L/Users/walidarsalane/Documents/computation/spack/opt/spack/darwin-mojave-x86_64/clang-10.0.1-apple/hwloc-1.11.11-jbig2eupqmom6awbkt7k24sgc263e2ds/lib' '-L/Users/walidarsalane/Documents/computation/spack/opt/spack/darwin-mojave-x86_64/clang-10.0.1-apple/openmpi-3.1.4-qz6zsrmc4l4tdlthlxppwr34bmdxlswa/lib' '-mmacosx-version-min=10.15.0' '-asm_macosx_version_min=10.15' '-shared-libgcc' '-mtune=core2']
  ignore line: [COMPILER_PATH=/opt/local/libexec/gcc/x86_64-apple-darwin18/8.2.0/:/opt/local/libexec/gcc/x86_64-apple-darwin18/8.2.0/:/opt/local/libexec/gcc/x86_64-apple-darwin18/:/opt/local/lib/gcc8/gcc/x86_64-apple-darwin18/8.2.0/:/opt/local/lib/gcc8/gcc/x86_64-apple-darwin18/]
  ignore line: [LIBRARY_PATH=/opt/local/lib/gcc8/gcc/x86_64-apple-darwin18/8.2.0/:/opt/local/lib/gcc8/gcc/x86_64-apple-darwin18/8.2.0/../../../]
  ignore line: [COLLECT_GCC_OPTIONS='-v' '-isysroot' '/Applications/Xcode.app/Contents/Developer/Platforms/MacOSX.platform/Developer/SDKs/MacOSX10.15.sdk' '-o' 'cmTC_2359f' '-I' '/Users/walidarsalane/Documents/computation/spack/opt/spack/darwin-mojave-x86_64/clang-10.0.1-apple/openmpi-3.1.4-qz6zsrmc4l4tdlthlxppwr34bmdxlswa/include' '-fexceptions' '-I' '/Users/walidarsalane/Documents/computation/spack/opt/spack/darwin-mojave-x86_64/clang-10.0.1-apple/openmpi-3.1.4-qz6zsrmc4l4tdlthlxppwr34bmdxlswa/lib' '-L/Users/walidarsalane/Documents/computation/spack/opt/spack/darwin-mojave-x86_64/clang-10.0.1-apple/hwloc-1.11.11-jbig2eupqmom6awbkt7k24sgc263e2ds/lib' '-L/Users/walidarsalane/Documents/computation/spack/opt/spack/darwin-mojave-x86_64/clang-10.0.1-apple/openmpi-3.1.4-qz6zsrmc4l4tdlthlxppwr34bmdxlswa/lib' '-mmacosx-version-min=10.15.0' '-asm_macosx_version_min=10.15' '-shared-libgcc' '-mtune=core2']
  link line: [ /opt/local/libexec/gcc/x86_64-apple-darwin18/8.2.0/collect2 -dynamic -arch x86_64 -macosx_version_min 10.15.0 -syslibroot /Applications/Xcode.app/Contents/Developer/Platforms/MacOSX.platform/Developer/SDKs/MacOSX10.15.sdk -weak_reference_mismatches non-weak -o cmTC_2359f -L/Users/walidarsalane/Documents/computation/spack/opt/spack/darwin-mojave-x86_64/clang-10.0.1-apple/hwloc-1.11.11-jbig2eupqmom6awbkt7k24sgc263e2ds/lib -L/Users/walidarsalane/Documents/computation/spack/opt/spack/darwin-mojave-x86_64/clang-10.0.1-apple/openmpi-3.1.4-qz6zsrmc4l4tdlthlxppwr34bmdxlswa/lib -L/opt/local/lib/gcc8/gcc/x86_64-apple-darwin18/8.2.0 -L/opt/local/lib/gcc8/gcc/x86_64-apple-darwin18/8.2.0/../../.. -v CMakeFiles/cmTC_2359f.dir/CMakeFortranCompilerABI.F.o -flat_namespace -commons use_dylibs -lmpi_usempif08 -lmpi_usempi_ignore_tkr -lmpi_mpifh -lmpi -lgfortran -no_compact_unwind -lSystem -lgcc_ext.10.5 -lgcc -lquadmath -lm -lgcc_ext.10.5 -lgcc -lSystem -v]
    arg [/opt/local/libexec/gcc/x86_64-apple-darwin18/8.2.0/collect2] ==> ignore
    arg [-dynamic] ==> ignore
    arg [-arch] ==> ignore
    arg [x86_64] ==> ignore
    arg [-macosx_version_min] ==> ignore
    arg [10.15.0] ==> ignore
    arg [-syslibroot] ==> ignore
    arg [/Applications/Xcode.app/Contents/Developer/Platforms/MacOSX.platform/Developer/SDKs/MacOSX10.15.sdk] ==> ignore
    arg [-weak_reference_mismatches] ==> ignore
    arg [non-weak] ==> ignore
    arg [-o] ==> ignore
    arg [cmTC_2359f] ==> ignore
    arg [-L/Users/walidarsalane/Documents/computation/spack/opt/spack/darwin-mojave-x86_64/clang-10.0.1-apple/hwloc-1.11.11-jbig2eupqmom6awbkt7k24sgc263e2ds/lib] ==> dir [/Users/walidarsalane/Documents/computation/spack/opt/spack/darwin-mojave-x86_64/clang-10.0.1-apple/hwloc-1.11.11-jbig2eupqmom6awbkt7k24sgc263e2ds/lib]
    arg [-L/Users/walidarsalane/Documents/computation/spack/opt/spack/darwin-mojave-x86_64/clang-10.0.1-apple/openmpi-3.1.4-qz6zsrmc4l4tdlthlxppwr34bmdxlswa/lib] ==> dir [/Users/walidarsalane/Documents/computation/spack/opt/spack/darwin-mojave-x86_64/clang-10.0.1-apple/openmpi-3.1.4-qz6zsrmc4l4tdlthlxppwr34bmdxlswa/lib]
    arg [-L/opt/local/lib/gcc8/gcc/x86_64-apple-darwin18/8.2.0] ==> dir [/opt/local/lib/gcc8/gcc/x86_64-apple-darwin18/8.2.0]
    arg [-L/opt/local/lib/gcc8/gcc/x86_64-apple-darwin18/8.2.0/../../..] ==> dir [/opt/local/lib/gcc8/gcc/x86_64-apple-darwin18/8.2.0/../../..]
    arg [-v] ==> ignore
    arg [CMakeFiles/cmTC_2359f.dir/CMakeFortranCompilerABI.F.o] ==> ignore
    arg [-flat_namespace] ==> ignore
    arg [-commons] ==> ignore
    arg [use_dylibs] ==> ignore
    arg [-lmpi_usempif08] ==> lib [mpi_usempif08]
    arg [-lmpi_usempi_ignore_tkr] ==> lib [mpi_usempi_ignore_tkr]
    arg [-lmpi_mpifh] ==> lib [mpi_mpifh]
    arg [-lmpi] ==> lib [mpi]
    arg [-lgfortran] ==> lib [gfortran]
    arg [-no_compact_unwind] ==> ignore
    arg [-lSystem] ==> lib [System]
    arg [-lgcc_ext.10.5] ==> lib [gcc_ext.10.5]
    arg [-lgcc] ==> lib [gcc]
    arg [-lquadmath] ==> lib [quadmath]
    arg [-lm] ==> lib [m]
    arg [-lgcc_ext.10.5] ==> lib [gcc_ext.10.5]
    arg [-lgcc] ==> lib [gcc]
    arg [-lSystem] ==> lib [System]
    arg [-v] ==> ignore
  Library search paths: [;/Users/walidarsalane/Documents/computation/spack/opt/spack/darwin-mojave-x86_64/clang-10.0.1-apple/hwloc-1.11.11-jbig2eupqmom6awbkt7k24sgc263e2ds/lib;/Users/walidarsalane/Documents/computation/spack/opt/spack/darwin-mojave-x86_64/clang-10.0.1-apple/openmpi-3.1.4-qz6zsrmc4l4tdlthlxppwr34bmdxlswa/lib;/opt/local/lib/gcc8/gcc/x86_64-apple-darwin18/8.2.0;/opt/local/lib/gcc8;/Applications/Xcode.app/Contents/Developer/Platforms/MacOSX.platform/Developer/SDKs/MacOSX10.15.sdk/usr/lib]
  Framework search paths: [;/Applications/Xcode.app/Contents/Developer/Platforms/MacOSX.platform/Developer/SDKs/MacOSX10.15.sdk/System/Library/Frameworks/]
  remove lib [System]
  remove lib [System]
  collapse library dir [/Users/walidarsalane/Documents/computation/spack/opt/spack/darwin-mojave-x86_64/clang-10.0.1-apple/hwloc-1.11.11-jbig2eupqmom6awbkt7k24sgc263e2ds/lib] ==> [/Users/walidarsalane/Documents/computation/spack/opt/spack/darwin-mojave-x86_64/clang-10.0.1-apple/hwloc-1.11.11-jbig2eupqmom6awbkt7k24sgc263e2ds/lib]
  collapse library dir [/Users/walidarsalane/Documents/computation/spack/opt/spack/darwin-mojave-x86_64/clang-10.0.1-apple/openmpi-3.1.4-qz6zsrmc4l4tdlthlxppwr34bmdxlswa/lib] ==> [/Users/walidarsalane/Documents/computation/spack/opt/spack/darwin-mojave-x86_64/clang-10.0.1-apple/openmpi-3.1.4-qz6zsrmc4l4tdlthlxppwr34bmdxlswa/lib]
  collapse library dir [/opt/local/lib/gcc8/gcc/x86_64-apple-darwin18/8.2.0] ==> [/opt/local/lib/gcc8/gcc/x86_64-apple-darwin18/8.2.0]
  collapse library dir [/opt/local/lib/gcc8/gcc/x86_64-apple-darwin18/8.2.0/../../..] ==> [/opt/local/lib/gcc8]
  collapse library dir [/Users/walidarsalane/Documents/computation/spack/opt/spack/darwin-mojave-x86_64/clang-10.0.1-apple/hwloc-1.11.11-jbig2eupqmom6awbkt7k24sgc263e2ds/lib] ==> [/Users/walidarsalane/Documents/computation/spack/opt/spack/darwin-mojave-x86_64/clang-10.0.1-apple/hwloc-1.11.11-jbig2eupqmom6awbkt7k24sgc263e2ds/lib]
  collapse library dir [/Users/walidarsalane/Documents/computation/spack/opt/spack/darwin-mojave-x86_64/clang-10.0.1-apple/openmpi-3.1.4-qz6zsrmc4l4tdlthlxppwr34bmdxlswa/lib] ==> [/Users/walidarsalane/Documents/computation/spack/opt/spack/darwin-mojave-x86_64/clang-10.0.1-apple/openmpi-3.1.4-qz6zsrmc4l4tdlthlxppwr34bmdxlswa/lib]
  collapse library dir [/opt/local/lib/gcc8/gcc/x86_64-apple-darwin18/8.2.0] ==> [/opt/local/lib/gcc8/gcc/x86_64-apple-darwin18/8.2.0]
  collapse library dir [/opt/local/lib/gcc8] ==> [/opt/local/lib/gcc8]
  collapse library dir [/Applications/Xcode.app/Contents/Developer/Platforms/MacOSX.platform/Developer/SDKs/MacOSX10.15.sdk/usr/lib] ==> [/Applications/Xcode.app/Contents/Developer/Platforms/MacOSX.platform/Developer/SDKs/MacOSX10.15.sdk/usr/lib]
  collapse framework dir [/Applications/Xcode.app/Contents/Developer/Platforms/MacOSX.platform/Developer/SDKs/MacOSX10.15.sdk/System/Library/Frameworks/] ==> [/Applications/Xcode.app/Contents/Developer/Platforms/MacOSX.platform/Developer/SDKs/MacOSX10.15.sdk/System/Library/Frameworks]
  implicit libs: [mpi_usempif08;mpi_usempi_ignore_tkr;mpi_mpifh;mpi;gfortran;gcc_ext.10.5;gcc;quadmath;m;gcc_ext.10.5;gcc]
  implicit dirs: [/Users/walidarsalane/Documents/computation/spack/opt/spack/darwin-mojave-x86_64/clang-10.0.1-apple/hwloc-1.11.11-jbig2eupqmom6awbkt7k24sgc263e2ds/lib;/Users/walidarsalane/Documents/computation/spack/opt/spack/darwin-mojave-x86_64/clang-10.0.1-apple/openmpi-3.1.4-qz6zsrmc4l4tdlthlxppwr34bmdxlswa/lib;/opt/local/lib/gcc8/gcc/x86_64-apple-darwin18/8.2.0;/opt/local/lib/gcc8;/Applications/Xcode.app/Contents/Developer/Platforms/MacOSX.platform/Developer/SDKs/MacOSX10.15.sdk/usr/lib]
  implicit fwks: [/Applications/Xcode.app/Contents/Developer/Platforms/MacOSX.platform/Developer/SDKs/MacOSX10.15.sdk/System/Library/Frameworks]


Determining if the Fortran compiler supports Fortran 90 passed with the following output:
Change Dir: /Users/walidarsalane/Documents/computation/MAST_multiphysics_fork/mast-multiphysics/cmake-build-release/CMakeFiles/CMakeTmp

Run Build Command:"/usr/bin/make" "cmTC_6af30/fast"
/Applications/Xcode.app/Contents/Developer/usr/bin/make -f CMakeFiles/cmTC_6af30.dir/build.make CMakeFiles/cmTC_6af30.dir/build
Building Fortran object CMakeFiles/cmTC_6af30.dir/testFortranCompilerF90.f90.o
/Users/walidarsalane/Documents/computation/spack/opt/spack/darwin-mojave-x86_64/clang-10.0.1-apple/openmpi-3.1.4-qz6zsrmc4l4tdlthlxppwr34bmdxlswa/bin/mpif90   -isysroot /Applications/Xcode.app/Contents/Developer/Platforms/MacOSX.platform/Developer/SDKs/MacOSX10.15.sdk   -c /Users/walidarsalane/Documents/computation/MAST_multiphysics_fork/mast-multiphysics/cmake-build-release/CMakeFiles/CMakeTmp/testFortranCompilerF90.f90 -o CMakeFiles/cmTC_6af30.dir/testFortranCompilerF90.f90.o
Linking Fortran executable cmTC_6af30
/Applications/CLion.app/Contents/bin/cmake/bin/cmake -E cmake_link_script CMakeFiles/cmTC_6af30.dir/link.txt --verbose=1
/Users/walidarsalane/Documents/computation/spack/opt/spack/darwin-mojave-x86_64/clang-10.0.1-apple/openmpi-3.1.4-qz6zsrmc4l4tdlthlxppwr34bmdxlswa/bin/mpif90      -isysroot /Applications/Xcode.app/Contents/Developer/Platforms/MacOSX.platform/Developer/SDKs/MacOSX10.15.sdk CMakeFiles/cmTC_6af30.dir/testFortranCompilerF90.f90.o  -o cmTC_6af30 


